FtcAuto.startMode_INFO [0.004762334] ***** Starting autonomous *****
FtcAuto.startMode_INFO [0.00588175] <Info name="MatchInfo" date="Sun Dec 03 12:37:50 PST 2023" type="PRACTICE" number=1 />
FtcAuto.startMode_INFO [0.007168] <Info name="AutoChoices" delay=0 alliance="BLUE_ALLIANCE" startPos="BACKSTAGE" strategy="AUTO" useAprilTagVision="true" parkPos="CENTER" xTarget=4.0 yTarget=4.0 turnTarget=90 driveTime=5 drivePower=0.5 />
FtcAuto.startMode_INFO [0.023037877] Enabling AprilTagVision.
ElevatorArm.setLoadingPosition_INFO [0.509745593] owner=null, delay=0.000, event=null, timeout=0.000 (elevatorPos=12.17, armPos=25.80)
ElevatorArm.cancel_INFO [0.511317385] owner=null
ElevatorArm.armSetPosition_INFO [0.512694635] owner=null, delay=0.000, pos=27.3, powerLimit=0.1, event=(setLoadingPosition.actionEvent=CLEARED), timeout=3.000 (elevatorPos=12.17, armPos=25.80)
ElevatorArm.performAction_INFO [0.515256343] actionParams=
(	actionType=ArmSetPosition
	actionEvent=null
	delay=0.000
	pos=27.3
	powerLimit=0.1
	power=0.0
	duration=0.0
	posRange=0.0/0.0
	event=(setLoadingPosition.actionEvent=CLEARED)
	expiredTime=1701635907.257
)
CmdAuto.cmdPeriodic_INFO [0.517802593] Team Prop found at position 3
purePursuitDrive.start_INFO [0.519897635] Path=TrcPath(degrees=true, [TrcWaypoint(pose=(x=11.8,y=61.6,angle=180.0),vel=0.00), TrcWaypoint(pose=(x=11.8,y=37.7,angle=180.0),vel=0.00), TrcWaypoint(pose=(x=11.8,y=35.3,angle=270.0),vel=0.00)])
traceStateInfo.traceStateInfo_INFO [0.523830469] <Event name="StateInfo" time="0.523" tag="^^^^^" CmdAuto.state="START" RobotPose=(x=11.8,y=61.6,angle=180.0) TargetPose=(x=11.8,y=35.3,angle=270.0) vel=(x=0.0,y=0.0,angle=0.0) Path=TrcPath(degrees=true, [TrcWaypoint(pose=(x=0.0,y=0.0,angle=0.0),vel=0.00), TrcWaypoint(pose=(x=0.0,y=24.0,angle=0.0),vel=0.00), TrcWaypoint(pose=(x=0.0,y=26.3,angle=90.0),vel=0.00)]) />
arm.servo.pidCtrlTask_INFO [0.732361657] onTarget=true(28.200/27.3), stalled=false, expired=false, event=(setLoadingPosition.actionEvent=SIGNALED)
ElevatorArm.performAction_INFO [0.776025036] actionParams=
(	actionType=ElevatorSetPosition
	actionEvent=(setLoadingPosition.actionEvent=SIGNALED)
	delay=0.000
	pos=12.4
	powerLimit=1.0
	power=0.0
	duration=0.0
	posRange=0.0/0.0
	event=null
	expiredTime=0.000
)
purePursuitDrive.driveTask_INFO [2.558876215] Done: index=2/3, stalled=true, timeout=false, posOnTarget=false, headingOnTarget=false
purePursuitDrive.driveTask_INFO [2.580417551] Signal completion event (CmdAuto=CLEARED).
traceStateInfo.traceStateInfo_INFO [2.60616472] <Event name="StateInfo" time="2.605" tag="^^^^^" CmdAuto.state="PLACE_PURPLE_PIXEL" />
traceStateInfo.traceStateInfo_INFO [3.626148239] <Event name="StateInfo" time="3.626" tag="^^^^^" CmdAuto.state="DO_DELAY" />
purePursuitDrive.start_INFO [3.631227906] Path=TrcPath(degrees=true, [TrcWaypoint(pose=(x=12.6,y=34.3,angle=267.0),vel=0.00), TrcWaypoint(pose=(x=14.1,y=47.1,angle=267.0),vel=0.00), TrcWaypoint(pose=(x=35.3,y=47.1,angle=-90.0),vel=0.00), TrcWaypoint(pose=(x=35.3,y=35.3,angle=-90.0),vel=0.00)])
traceStateInfo.traceStateInfo_INFO [3.63921549] <Event name="StateInfo" time="3.639" tag="^^^^^" CmdAuto.state="DRIVE_TO_LOOKOUT" RobotPose=(x=12.6,y=34.3,angle=267.0) TargetPose=(x=35.3,y=35.3,angle=-90.0) vel=(x=-0.0,y=0.0,angle=0.0) Path=TrcPath(degrees=true, [TrcWaypoint(pose=(x=0.0,y=0.0,angle=0.0),vel=0.00), TrcWaypoint(pose=(x=12.6,y=-2.2,angle=0.0),vel=0.00), TrcWaypoint(pose=(x=11.5,y=-23.3,angle=-357.0),vel=0.00), TrcWaypoint(pose=(x=-0.2,y=-22.7,angle=-357.0),vel=0.00)]) />
purePursuitDrive.driveTask_INFO [6.217612375] Done: index=3/4, stalled=true, timeout=false, posOnTarget=false, headingOnTarget=true
purePursuitDrive.driveTask_INFO [6.241305918] Signal completion event (CmdAuto=CLEARED).
TaskAutoPlacePixel.autoAssistPlace_INFO [6.253602003] useVision=true, aprilTagIndex=2, scoreLevel=12.400000, inAuto=true, event=(CmdAuto=SIGNALED)
TaskAutoPlacePixel.acquireSubsystemsOwnership_INFO [6.25692642] Successfully acquired subsystem ownerships.
traceStateInfo.traceStateInfo_INFO [6.257988962] <Event name="StateInfo" time="6.258" tag="^^^^^" CmdAuto.state="SCORE_YELLOW_PIXEL" />
pixelTray.setUpperGateOpened_INFO [6.258763628] upperGateOpened = false
pixelTray.setLowerGateOpened_INFO [6.259341712] lowerGateOpened = false
TaskAutoPlacePixel.runTaskState_INFO [6.260009045] Enabling AprilTagVision.
traceStateInfo.traceStateInfo_INFO [6.26081142] <Event name="StateInfo" time="6.260" tag="^^^^^" TaskAutoPlacePixel.state="START" />
Vision.getRobotFieldPose_INFO [6.26976938] AprilTagId=1, aprilTagFieldPose=(x=60.3,y=41.4,angle=90.0), aprilTagPoseFromCamera=(x=-6.2,y=20.5,angle=0.6), cameraPose=(x=39.8,y=35.2,angle=89.4), robotPose=(x=32.9,y=35.1,angle=-90.6)
TaskAutoPlacePixel.runTaskState_INFO [6.27649463] Vision found AprilTag 1 at (x=-6.2,y=20.5,z=-2.8,yaw=-0.6,pitch=-30.5,roll=0.6) from camera.
Targeting AprilTag 3 at (x=60.3,y=29.4,angle=90.0) from robotPose (x=32.9,y=35.1,angle=-90.6).
traceStateInfo.traceStateInfo_INFO [6.278103172] <Event name="StateInfo" time="6.278" tag="^^^^^" TaskAutoPlacePixel.state="FIND_APRILTAG" />
ElevatorArm.setScoringPosition_INFO [6.286986465] owner=PlacePixelTask, delay=0.000, elevatorPos=15.0, event=(TaskAutoPlacePixel.elevatorArmEvent=CLEARED), timeout=4.000 (elevatorPos=12.26, armPos=26.13)
ElevatorArm.cancel_INFO [6.289293257] owner=PlacePixelTask
acquireOwnership.acquireOwnership_INFO [6.290968007] ElevatorArm: Acquired ownership on behalf of PlacePixelTask.
ElevatorArm.elevatorSetPosition_INFO [6.293138007] owner=PlacePixelTask, delay=0.000, pos=15.0, powerLimit=1.0, event=(setScoringPosition.actionEvent=CLEARED), timeout=1.000 (elevatorPos=12.26, armPos=26.13)
ElevatorArm.performAction_INFO [6.295781091] actionParams=
(	actionType=ElevatorSetPosition
	actionEvent=null
	delay=0.000
	pos=15.0
	powerLimit=1.0
	power=0.0
	duration=0.0
	posRange=0.0/0.0
	event=(setScoringPosition.actionEvent=CLEARED)
	expiredTime=1701635911.038
)
traceStateInfo.traceStateInfo_INFO [6.298273091] <Event name="StateInfo" time="6.298" tag="^^^^^" TaskAutoPlacePixel.state="SET_SCORING_POS" />
elevator.motor.pidCtrlTask_INFO [6.743835969] onTarget=true(14.702/15.0), stalled=false, expired=false, event=(setScoringPosition.actionEvent=SIGNALED)
ElevatorArm.performAction_INFO [6.745557969] actionParams=
(	actionType=ArmSetPosition
	actionEvent=(setScoringPosition.actionEvent=SIGNALED)
	delay=0.000
	pos=270.0
	powerLimit=0.1
	power=0.0
	duration=0.0
	posRange=0.0/0.0
	event=(ElevatorArm.releaseOwnership=CLEARED)
	expiredTime=1701635914.032
)
arm.servo.posPidCtrl.isStalled_INFO [8.532334399] PID stalled.
arm.servo.pidCtrlTask_INFO [8.537470358] onTarget=false(267.327/270.0), stalled=true, expired=false, event=(ElevatorArm.releaseOwnership=SIGNALED)
releaseOwnership.releaseOwnership_INFO [8.541130775] ElevatorArm: Released ownership on behalf of PlacePixelTask.
releaseOwnership.releaseOwnership_INFO [8.545067983] ElevatorArm: signal completion event (TaskAutoPlacePixel.elevatorArmEvent=SIGNALED)
purePursuitDrive.start_INFO [8.58273382] Path=TrcPath(degrees=true, [TrcWaypoint(pose=(x=33.0,y=35.1,angle=-90.6),vel=0.00), TrcWaypoint(pose=(x=33.0,y=28.9,angle=-90.0),vel=0.00), TrcWaypoint(pose=(x=54.4,y=28.9,angle=-90.0),vel=0.00)])
traceStateInfo.traceStateInfo_INFO [8.584624987] <Event name="StateInfo" time="8.584" tag="^^^^^" TaskAutoPlacePixel.state="DRIVE_TO_APRILTAG" />
TaskAutoPlacePixel.wristSensorTriggered_INFO [9.798558109] Drive to AprilTag canceled by wristSensor, triggerState=(value=0.31496062992125984, prevZone=1, currZone=0)
ElevatorArm.elevatorSetPosition_INFO [9.80288411] owner=PlacePixelTask, delay=0.000, pos=12.4, powerLimit=1.0, event=(TaskAutoPlacePixel.elevatorArmEvent=SIGNALED), timeout=0.000 (elevatorPos=14.81, armPos=267.00)
ElevatorArm.cancel_INFO [9.80487036] owner=PlacePixelTask
acquireOwnership.acquireOwnership_INFO [9.806052485] ElevatorArm: Acquired ownership on behalf of PlacePixelTask.
ElevatorArm.performAction_INFO [9.807142443] actionParams=
(	actionType=ElevatorSetPosition
	actionEvent=null
	delay=0.000
	pos=12.4
	powerLimit=1.0
	power=0.0
	duration=0.0
	posRange=0.0/0.0
	event=(ElevatorArm.releaseOwnership=CLEARED)
	expiredTime=0.000
)
traceStateInfo.traceStateInfo_INFO [9.817255986] <Event name="StateInfo" time="9.817" tag="^^^^^" TaskAutoPlacePixel.state="LOWER_ELEVATOR" />
elevator.motor.pidCtrlTask_INFO [10.201659275] onTarget=true(12.297/12.4), stalled=false, expired=false, event=(ElevatorArm.releaseOwnership=SIGNALED)
releaseOwnership.releaseOwnership_INFO [10.20441815] ElevatorArm: Released ownership on behalf of PlacePixelTask.
releaseOwnership.releaseOwnership_INFO [10.20549615] ElevatorArm: signal completion event (TaskAutoPlacePixel.elevatorArmEvent=SIGNALED)
pixelTray.setLowerGateOpened_INFO [10.209119817] lowerGateOpened = true
pixelTray.setUpperGateOpened_INFO [10.209758859] upperGateOpened = true
traceStateInfo.traceStateInfo_INFO [10.210840067] <Event name="StateInfo" time="10.210" tag="^^^^^" TaskAutoPlacePixel.state="PLACE_PIXEL" />
ElevatorArm.elevatorSetPosition_INFO [10.763306373] owner=PlacePixelTask, delay=0.000, pos=21.5, powerLimit=1.0, event=(TaskAutoPlacePixel.elevatorArmEvent=SIGNALED), timeout=0.000 (elevatorPos=12.30, armPos=263.62)
ElevatorArm.cancel_INFO [10.764322831] owner=PlacePixelTask
acquireOwnership.acquireOwnership_INFO [10.764999498] ElevatorArm: Acquired ownership on behalf of PlacePixelTask.
ElevatorArm.performAction_INFO [10.76613379] actionParams=
(	actionType=ElevatorSetPosition
	actionEvent=null
	delay=0.000
	pos=21.5
	powerLimit=1.0
	power=0.0
	duration=0.0
	posRange=0.0/0.0
	event=(ElevatorArm.releaseOwnership=CLEARED)
	expiredTime=0.000
)
traceStateInfo.traceStateInfo_INFO [10.768483457] <Event name="StateInfo" time="10.767" tag="^^^^^" TaskAutoPlacePixel.state="RAISE_ELEVATOR" />
elevator.motor.posPidCtrl.isStalled_INFO [11.526366533] PID stalled.
elevator.motor.pidCtrlTask_INFO [11.529286408] onTarget=false(21.040/21.5), stalled=true, expired=false, event=(ElevatorArm.releaseOwnership=SIGNALED)
releaseOwnership.releaseOwnership_INFO [11.53058345] ElevatorArm: Released ownership on behalf of PlacePixelTask.
releaseOwnership.releaseOwnership_INFO [11.531699367] ElevatorArm: signal completion event (TaskAutoPlacePixel.elevatorArmEvent=SIGNALED)
ElevatorArm.setLoadingPosition_INFO [11.536226909] owner=null, delay=0.000, event=(TaskAutoPlacePixel.elevatorArmEvent=SIGNALED), timeout=0.000 (elevatorPos=21.05, armPos=265.47)
ElevatorArm.cancel_INFO [11.537306367] owner=null
ElevatorArm.armSetPosition_INFO [11.554814536] owner=null, delay=0.000, pos=27.3, powerLimit=0.1, event=(setLoadingPosition.actionEvent=CLEARED), timeout=3.000 (elevatorPos=21.05, armPos=265.47)
ElevatorArm.performAction_INFO [11.556040411] actionParams=
(	actionType=ArmSetPosition
	actionEvent=null
	delay=0.000
	pos=27.3
	powerLimit=0.1
	power=0.0
	duration=0.0
	posRange=0.0/0.0
	event=(setLoadingPosition.actionEvent=CLEARED)
	expiredTime=1701635918.299
)
traceStateInfo.traceStateInfo_INFO [11.558883286] <Event name="StateInfo" time="11.558" tag="^^^^^" TaskAutoPlacePixel.state="RETRACT_ALL" />
arm.servo.pidCtrlTask_INFO [13.67153279] onTarget=true(26.891/27.3), stalled=false, expired=false, event=(setLoadingPosition.actionEvent=SIGNALED)
ElevatorArm.performAction_INFO [13.67329504] actionParams=
(	actionType=ElevatorSetPosition
	actionEvent=(setLoadingPosition.actionEvent=SIGNALED)
	delay=0.000
	pos=12.4
	powerLimit=1.0
	power=0.0
	duration=0.0
	posRange=0.0/0.0
	event=(TaskAutoPlacePixel.elevatorArmEvent=CLEARED)
	expiredTime=0.000
)
TaskAutoPlacePixel.stopSubsystems_INFO [14.326263564] Stopping subsystems.
elevator.motor.pidCtrlTask_INFO [14.325810898] onTarget=true(12.404/12.4), stalled=false, expired=false, event=(TaskAutoPlacePixel.elevatorArmEvent=SIGNALED)
ElevatorArm.cancel_INFO [14.328400315] owner=PlacePixelTask
TaskAutoPlacePixel.releaseSubsystemsOwnership_INFO [14.330757565] Releasing subsystem ownership (currOwner=PlacePixelTask, robotDrive=PlacePixelTask).
traceStateInfo.traceStateInfo_INFO [14.332751398] <Event name="StateInfo" time="14.332" tag="^^^^^" TaskAutoPlacePixel.state="DONE" />
purePursuitDrive.start_INFO [14.337570607] Path=TrcPath(degrees=true, [TrcWaypoint(pose=(x=49.8,y=25.9,angle=-90.4),vel=0.00), TrcWaypoint(pose=(x=44.7,y=11.8,angle=-90.0),vel=0.00), TrcWaypoint(pose=(x=61.2,y=11.8,angle=-90.0),vel=0.00)])
traceStateInfo.traceStateInfo_INFO [14.344057566] <Event name="StateInfo" time="14.344" tag="^^^^^" CmdAuto.state="PARK_AT_BACKSTAGE" RobotPose=(x=49.8,y=25.9,angle=-90.4) TargetPose=(x=61.2,y=11.8,angle=-90.0) vel=(x=-0.2,y=-0.2,angle=0.4) Path=TrcPath(degrees=true, [TrcWaypoint(pose=(x=0.0,y=0.0,angle=0.0),vel=0.00), TrcWaypoint(pose=(x=-14.1,y=5.2,angle=0.4),vel=0.00), TrcWaypoint(pose=(x=-14.2,y=-11.3,angle=0.4),vel=0.00)]) />
purePursuitDrive.driveTask_INFO [16.158838373] Done: index=2/3, stalled=true, timeout=false, posOnTarget=false, headingOnTarget=false
purePursuitDrive.driveTask_INFO [16.187938835] Signal completion event (CmdAuto=CLEARED).
traceStateInfo.traceStateInfo_INFO [16.199047544] <Event name="StateInfo" time="16.198" tag="^^^^^" CmdAuto.state="DONE" />
printElapsedTime.printElapsedTime_INFO [22.58221781] imu.getGyroData: avgElapsed=0.000005, minElapsed=0.000002, maxElapsed=0.000158
printElapsedTime.printElapsedTime_INFO [22.583156977] TrcDigitalInput.getInput: avgElapsed=0.006819, minElapsed=0.005662, maxElapsed=0.007976
printElapsedTime.printElapsedTime_INFO [22.583977727] TrcMotor.getPos: avgElapsed=0.000084, minElapsed=0.000010, maxElapsed=0.023123
printElapsedTime.printElapsedTime_INFO [22.584836102] TrcMotor.setPower: avgElapsed=0.001584, minElapsed=0.000006, maxElapsed=0.020809
printElapsedTime.printElapsedTime_INFO [22.586027853] TrcMotor.setVel: avgElapsed=0.000000, minElapsed=9223372036.854776, maxElapsed=0.000000
printElapsedTime.printElapsedTime_INFO [22.586743894] TrcMotor.setPos: avgElapsed=0.000000, minElapsed=9223372036.854776, maxElapsed=0.000000
printElapsedTime.printElapsedTime_INFO [22.587888394] TrcMotor.setCurrent: avgElapsed=0.000000, minElapsed=9223372036.854776, maxElapsed=0.000000
printElapsedTime.printElapsedTime_INFO [22.588757561] TrcServo.setPos: avgElapsed=0.007589, minElapsed=0.002574, maxElapsed=0.010999
Robot.stopMode_INFO [22.589914019] Disabling AprilTagVision.
Robot.stopMode_INFO [22.591160603] Disabling PurplePixelVision.
Robot.stopMode_INFO [22.593152978] Disabling GreenPixelVision.
Robot.stopMode_INFO [22.593678561] Disabling YellowPixelVision.
Robot.stopMode_INFO [22.594185186] Disabling WhitePixelVision.
Robot.stopMode_INFO [22.59465127] Disabling RedBlobVision.
Robot.stopMode_INFO [22.595474937] Disabling BlueBlobVision.
Robot.stopMode_INFO [22.596099687] Saved robot pose=(x=46.5,y=12.7,angle=-110.4)
TaskPerformance.printTaskPerformanceMetrics_INFO [22.600730771] blinkin: OUTPUT_TASK=0.000155/0.014914
TaskPerformance.printTaskPerformanceMetrics_INFO [22.601682771] imu.converterTask: INPUT_TASK=0.000035/0.024844
TaskPerformance.printTaskPerformanceMetrics_INFO [22.602565646] imu.gyroTask: INPUT_TASK=0.018517/0.024872
TaskPerformance.printTaskPerformanceMetrics_INFO [22.604364354] lfDriveMotor.pidCtrlTask: OUTPUT_TASK=0.000017/0.014913
TaskPerformance.printTaskPerformanceMetrics_INFO [22.60523498] TrcMotor.odometryTask: STANDALONE_TASK=0.003225/0.003476
TaskPerformance.printTaskPerformanceMetrics_INFO [22.606211188] rfDriveMotor.pidCtrlTask: OUTPUT_TASK=0.000007/0.014913
TaskPerformance.printTaskPerformanceMetrics_INFO [22.60713723] lbDriveMotor.pidCtrlTask: OUTPUT_TASK=0.000029/0.014920
TaskPerformance.printTaskPerformanceMetrics_INFO [22.608354646] rbDriveMotor.pidCtrlTask: OUTPUT_TASK=0.000007/0.014920
TaskPerformance.printTaskPerformanceMetrics_INFO [22.609466771] TrcDriveBase.odometryTask: INPUT_TASK=0.000440/0.024841
TaskPerformance.printTaskPerformanceMetrics_INFO [22.61144923] purePursuitDrive.driveTask: POST_PERIODIC_TASK=0.045934/0.122132
TaskPerformance.printTaskPerformanceMetrics_INFO [22.613856647] elevator.motor.pidCtrlTask: OUTPUT_TASK=0.000226/0.014920
TaskPerformance.printTaskPerformanceMetrics_INFO [22.615902397] arm.encoder.converterTask: INPUT_TASK=0.002605/0.014919
TaskPerformance.printTaskPerformanceMetrics_INFO [22.618832481] arm.servo.pidCtrlTask: OUTPUT_TASK=0.002831/0.014916
TaskPerformance.printTaskPerformanceMetrics_INFO [22.620059814] arm.followerServo.pidCtrlTask: OUTPUT_TASK=0.000005/0.014914
TaskPerformance.printTaskPerformanceMetrics_INFO [22.622082523] wrist.analogTrigger.triggerTask: PRE_PERIODIC_TASK=0.043908/0.093729
TaskPerformance.printTaskPerformanceMetrics_INFO [22.622973565] intake.motor.pidCtrlTask: OUTPUT_TASK=0.000006/0.014914
TaskPerformance.printTaskPerformanceMetrics_INFO [22.623849148] pixelTray.lowerGate.servoTask: OUTPUT_TASK=0.000154/0.020516
TaskPerformance.printTaskPerformanceMetrics_INFO [22.624828273] pixelTray.upperGate.servoTask: OUTPUT_TASK=0.000185/0.020526
TaskPerformance.printTaskPerformanceMetrics_INFO [22.625747315] launcher.pidCtrlTask: OUTPUT_TASK=0.000003/0.014912
TaskPerformance.printTaskPerformanceMetrics_INFO [22.626578273] TaskAutoPlacePixel: POST_PERIODIC_TASK=0.000087/0.005145
FtcOpMode.printPerformanceMetrics_INFO [22.627071773] [FtcAutonomous] Main robot thread average elapsed times:
       robotInit=12.815713s
    initPeriodic=0.000003s
       startMode=0.000040s
    loopInterval=0.006452s (154.990Hz)
             sdk=0.000052s
 prePeriodicTask=0.000198s
        periodic=0.003728s
postPeriodicTask=0.001832s
         loopSum=0.006402s
        stopMode=0.000000s
FtcAuto.stopMode_INFO [22.628410232] ***** Stopping autonomous *****
