FtcTeleOp.startMode_INFO [0.00404075] ***** Starting TeleOp *****
FtcTeleOp.startMode_INFO [0.023580377] Enabling AprilTagVision.
TrcWatchdogMgr.checkForExpiration_WARN [0.481624548] [1701640977.232] watchdog {[1701640977.233] OpModeThread.watchdog: threshold=1.000, expiredTime=1701640974.228, expired=true, paused=false} expired.
printThreadStack.printThreadStack_INFO [0.484421924] thread stack: 
android.hardware.usb.UsbDeviceConnection.native_set_interface(Native Method)
android.hardware.usb.UsbDeviceConnection.setInterface(UsbDeviceConnection.java:125)
org.firstinspires.ftc.robotcore.internal.camera.libuvc.nativeobject.UvcDevice$UsbInterfaceMangerImpl.setInterfaceAltSetting(UvcDevice.java:344)
org.firstinspires.ftc.robotcore.internal.camera.libuvc.nativeobject.UvcStreamHandle.nativeStartStreaming(Native Method)
org.firstinspires.ftc.robotcore.internal.camera.libuvc.nativeobject.UvcStreamHandle.startStreaming(UvcStreamHandle.java:106)
org.firstinspires.ftc.robotcore.internal.camera.libuvc.api.UvcApiCameraCaptureSequence.startStreaming(UvcApiCameraCaptureSequence.java:122)
org.firstinspires.ftc.robotcore.internal.camera.libuvc.api.UvcApiCaptureSession.startCapture(UvcApiCaptureSession.java:203)
org.firstinspires.ftc.robotcore.internal.camera.delegating.DelegatingCaptureSequence$5.run(DelegatingCaptureSequence.java:330)
org.firstinspires.ftc.robotcore.internal.system.Tracer.trace(Tracer.java:243)
org.firstinspires.ftc.robotcore.internal.camera.delegating.DelegatingCaptureSequence.doStreaming(DelegatingCaptureSequence.java:314)
org.firstinspires.ftc.robotcore.internal.camera.delegating.DelegatingCaptureSequence$2.run(DelegatingCaptureSequence.java:163)
org.firstinspires.ftc.robotcore.internal.system.Tracer.trace(Tracer.java:243)
org.firstinspires.ftc.robotcore.internal.camera.delegating.DelegatingCaptureSequence.startStreaming(DelegatingCaptureSequence.java:147)
org.firstinspires.ftc.robotcore.internal.camera.delegating.DelegatingCaptureSession$6.get(DelegatingCaptureSession.java:273)
org.firstinspires.ftc.robotcore.internal.camera.delegating.DelegatingCaptureSession$6.get(DelegatingCaptureSession.java:256)
org.firstinspires.ftc.robotcore.internal.system.Tracer.trace(Tracer.java:230)
org.firstinspires.ftc.robotcore.internal.camera.delegating.DelegatingCaptureSession.startCapture(DelegatingCaptureSession.java:255)
org.firstinspires.ftc.robotcore.internal.camera.delegating.DelegatingCaptureSequence$5.run(DelegatingCaptureSequence.java:330)
org.firstinspires.ftc.robotcore.internal.system.Tracer.trace(Tracer.java:243)
org.firstinspires.ftc.robotcore.internal.camera.delegating.DelegatingCaptureSequence.doStreaming(DelegatingCaptureSequence.java:314)
org.firstinspires.ftc.robotcore.internal.camera.delegating.DelegatingCaptureSequence$4.run(DelegatingCaptureSequence.java:240)
org.firstinspires.ftc.robotcore.internal.system.Tracer.trace(Tracer.java:161)
org.firstinspires.ftc.robotcore.internal.camera.delegating.DelegatingCaptureSequence.resumeStreaming(DelegatingCaptureSequence.java:227)
org.firstinspires.ftc.robotcore.internal.camera.delegating.DelegatingCaptureSequence$1.run(DelegatingCaptureSequence.java:131)
org.firstinspires.ftc.robotcore.internal.system.Tracer.trace(Tracer.java:161)
org.firstinspires.ftc.robotcore.internal.camera.delegating.DelegatingCaptureSequence.onCameraChanged(DelegatingCaptureSequence.java:118)
org.firstinspires.ftc.robotcore.internal.camera.delegating.DelegatingCaptureSession.updateCameraInSequence(DelegatingCaptureSession.java:148)
org.firstinspires.ftc.robotcore.internal.camera.delegating.DelegatingCaptureSession$3.run(DelegatingCaptureSession.java:135)
org.firstinspires.ftc.robotcore.internal.system.Tracer.trace(Tracer.java:161)
org.firstinspires.ftc.robotcore.internal.camera.delegating.DelegatingCaptureSession.onCameraChanged(DelegatingCaptureSession.java:130)
org.firstinspires.ftc.robotcore.internal.camera.delegating.DelegatingCamera.updateCameraHolders(DelegatingCamera.java:298)
org.firstinspires.ftc.robotcore.internal.camera.delegating.DelegatingCamera$3.run(DelegatingCamera.java:285)
org.firstinspires.ftc.robotcore.internal.system.Tracer.trace(Tracer.java:161)
org.firstinspires.ftc.robotcore.internal.camera.delegating.DelegatingCamera.changeDelegatedCamera(DelegatingCamera.java:280)
org.firstinspires.ftc.robotcore.internal.camera.delegating.RefCountedSwitchableCameraImpl.setActiveCamera(RefCountedSwitchableCameraImpl.java:297)
org.firstinspires.ftc.robotcore.internal.camera.delegating.SwitchableCameraImpl.setActiveCamera(SwitchableCameraImpl.java:74)
org.openftc.easyopencv.OpenCvSwitchableWebcamImpl.setActiveCamera(OpenCvSwitchableWebcamImpl.java:50)
org.firstinspires.ftc.vision.VisionPortalImpl.setActiveCamera(VisionPortalImpl.java:278)
TrcFtcLib.ftclib.FtcVision.setActiveWebcam(FtcVision.java:218)
teamcode.vision.Vision.setActiveWebcam(Vision.java:323)
teamcode.FtcTeleOp.startMode(FtcTeleOp.java:134)
TrcFtcLib.ftclib.FtcOpMode.runOpMode(FtcOpMode.java:433)
com.qualcomm.robotcore.eventloop.opmode.LinearOpMode.internalRunOpMode(LinearOpMode.java:199)
com.qualcomm.robotcore.eventloop.opmode.OpModeInternal.lambda$internalInit$1$com-qualcomm-robotcore-eventloop-opmode-OpModeInternal(OpModeInternal.java:181)
com.qualcomm.robotcore.eventloop.opmode.OpModeInternal$$ExternalSyntheticLambda1.run(D8$$SyntheticClass)
com.qualcomm.robotcore.util.ThreadPool.logThreadLifeCycle(ThreadPool.java:737)
com.qualcomm.robotcore.eventloop.opmode.OpModeInternal.lambda$internalInit$2$com-qualcomm-robotcore-eventloop-opmode-OpModeInternal(OpModeInternal.java:179)
com.qualcomm.robotcore.eventloop.opmode.OpModeInternal$$ExternalSyntheticLambda2.run(D8$$SyntheticClass)
java.util.concurrent.ThreadPoolExecutor.runWorker(ThreadPoolExecutor.java:1133)
java.util.concurrent.ThreadPoolExecutor$Worker.run(ThreadPoolExecutor.java:607)
com.qualcomm.robotcore.util.ThreadPool$ThreadFactoryImpl$1.run(ThreadPool.java:793)
java.lang.Thread.run(Thread.java:761)
ElevatorArm.zeroCalibrate_INFO [1.775728678] owner=FtcTeleOp
ElevatorArm.cancel_INFO [1.77749997] owner=FtcTeleOp
acquireOwnership.acquireOwnership_INFO [1.781086887] ElevatorArm: Acquired ownership on behalf of FtcTeleOp.
ElevatorArm.setScoringPosition_INFO [2.111670962] owner=FtcTeleOp, delay=0.000, elevatorPos=15.0, event=null, timeout=0.000 (elevatorPos=11.74, armPos=26.67)
ElevatorArm.cancel_INFO [2.113104504] owner=FtcTeleOp
acquireOwnership.acquireOwnership_INFO [2.113912421] ElevatorArm: Acquired ownership on behalf of FtcTeleOp.
ElevatorArm.elevatorSetPosition_INFO [2.115073837] owner=FtcTeleOp, delay=0.000, pos=15.0, powerLimit=1.0, event=(setScoringPosition.actionEvent=CLEARED), timeout=1.000 (elevatorPos=11.74, armPos=26.67)
ElevatorArm.performAction_INFO [2.117236838] actionParams=
(	actionType=ElevatorSetPosition
	actionEvent=null
	delay=0.000
	pos=15.0
	powerLimit=1.0
	power=0.0
	duration=0.0
	posRange=0.0/0.0
	event=(setScoringPosition.actionEvent=CLEARED)
	expiredTime=1701640979.866
)
elevator.motor.pidCtrlTask_INFO [2.568282758] onTarget=true(14.776/15.0), stalled=false, expired=false, event=(setScoringPosition.actionEvent=SIGNALED)
ElevatorArm.performAction_INFO [2.584252385] actionParams=
(	actionType=ArmSetPosition
	actionEvent=(setScoringPosition.actionEvent=SIGNALED)
	delay=0.000
	pos=270.0
	powerLimit=0.1
	power=0.0
	duration=0.0
	posRange=0.0/0.0
	event=(ElevatorArm.releaseOwnership=CLEARED)
	expiredTime=0.000
)
ElevatorArm.setLoadingPosition_INFO [2.991115759] owner=FtcTeleOp, delay=0.000, event=null, timeout=0.000 (elevatorPos=14.78, armPos=54.16)
ElevatorArm.cancel_INFO [2.993140509] owner=FtcTeleOp
acquireOwnership.acquireOwnership_INFO [2.994941259] ElevatorArm: Acquired ownership on behalf of FtcTeleOp.
ElevatorArm.armSetPosition_INFO [3.011222678] owner=FtcTeleOp, delay=0.000, pos=27.3, powerLimit=0.1, event=(setLoadingPosition.actionEvent=CLEARED), timeout=3.000 (elevatorPos=14.79, armPos=56.35)
ElevatorArm.performAction_INFO [3.013171303] actionParams=
(	actionType=ArmSetPosition
	actionEvent=null
	delay=0.000
	pos=27.3
	powerLimit=0.1
	power=0.0
	duration=0.0
	posRange=0.0/0.0
	event=(setLoadingPosition.actionEvent=CLEARED)
	expiredTime=1701640982.762
)
arm.servo.pidCtrlTask_INFO [4.216604424] onTarget=true(26.236/27.3), stalled=false, expired=false, event=(setLoadingPosition.actionEvent=SIGNALED)
ElevatorArm.performAction_INFO [4.216905132] actionParams=
(	actionType=ElevatorSetPosition
	actionEvent=(setLoadingPosition.actionEvent=SIGNALED)
	delay=0.000
	pos=12.4
	powerLimit=1.0
	power=0.0
	duration=0.0
	posRange=0.0/0.0
	event=(ElevatorArm.releaseOwnership=CLEARED)
	expiredTime=0.000
)
FtcTeleOp.setDriveOrientation_INFO [4.226703383] driveOrientation=FIELD
ElevatorArm.elevatorSetPosition_INFO [4.372181189] owner=FtcTeleOp, delay=0.000, pos=12.4, powerLimit=1.0, event=null, timeout=1.000 (elevatorPos=12.59, armPos=26.67)
ElevatorArm.cancel_INFO [4.374330773] owner=FtcTeleOp
acquireOwnership.acquireOwnership_INFO [4.37608369] ElevatorArm: Acquired ownership on behalf of FtcTeleOp.
ElevatorArm.performAction_INFO [4.37691669] actionParams=
(	actionType=ElevatorSetPosition
	actionEvent=null
	delay=0.000
	pos=12.4
	powerLimit=1.0
	power=0.0
	duration=0.0
	posRange=0.0/0.0
	event=(ElevatorArm.releaseOwnership=CLEARED)
	expiredTime=1701640982.123
)
elevator.motor.pidCtrlTask_INFO [4.596875962] onTarget=true(12.322/12.4), stalled=false, expired=false, event=(ElevatorArm.releaseOwnership=SIGNALED)
releaseOwnership.releaseOwnership_INFO [4.600177629] ElevatorArm: Released ownership on behalf of FtcTeleOp.
pixelTray.setLowerGateOpened_INFO [8.237994578] lowerGateOpened = true
pixelTray.setLowerGateOpened_INFO [8.888149393] lowerGateOpened = false
ElevatorArm.armSetPosition_INFO [9.471516327] owner=FtcTeleOp, delay=0.000, pos=270.0, powerLimit=0.1, event=null, timeout=5.000 (elevatorPos=12.33, armPos=26.89)
ElevatorArm.cancel_INFO [9.47317066] owner=FtcTeleOp
acquireOwnership.acquireOwnership_INFO [9.473870077] ElevatorArm: Acquired ownership on behalf of FtcTeleOp.
elevator.motor.pidCtrlTask_INFO [9.868865533] onTarget=true(14.218/14.5), stalled=false, expired=false, event=(armSetPosition.actionEvent=SIGNALED)
ElevatorArm.performAction_INFO [9.86929895] actionParams=
(	actionType=ArmSetPosition
	actionEvent=(armSetPosition.actionEvent=SIGNALED)
	delay=0.000
	pos=270.0
	powerLimit=0.1
	power=0.0
	duration=0.0
	posRange=0.0/0.0
	event=(ElevatorArm.releaseOwnership=CLEARED)
	expiredTime=1701640991.222
)
ElevatorArm.armSetPosition_INFO [10.801810752] owner=FtcTeleOp, delay=0.000, pos=27.3, powerLimit=0.1, event=null, timeout=5.000 (elevatorPos=14.33, armPos=107.51)
ElevatorArm.cancel_INFO [10.80371796] owner=FtcTeleOp
acquireOwnership.acquireOwnership_INFO [10.807968128] ElevatorArm: Acquired ownership on behalf of FtcTeleOp.
ElevatorArm.performAction_INFO [10.809515128] actionParams=
(	actionType=ArmSetPosition
	actionEvent=null
	delay=0.000
	pos=27.3
	powerLimit=0.1
	power=0.0
	duration=0.0
	posRange=0.0/0.0
	event=(ElevatorArm.releaseOwnership=CLEARED)
	expiredTime=1701640992.552
)
arm.servo.posPidCtrl.isStalled_INFO [12.734492279] PID stalled.
arm.servo.pidCtrlTask_INFO [12.74259128] onTarget=false(26.782/27.3), stalled=true, expired=false, event=(ElevatorArm.releaseOwnership=SIGNALED)
releaseOwnership.releaseOwnership_INFO [12.787006868] ElevatorArm: Released ownership on behalf of FtcTeleOp.
ElevatorArm.armSetPosition_INFO [17.915655383] owner=FtcTeleOp, delay=0.000, pos=270.0, powerLimit=0.1, event=null, timeout=5.000 (elevatorPos=14.36, armPos=26.89)
ElevatorArm.cancel_INFO [17.9183673] owner=FtcTeleOp
acquireOwnership.acquireOwnership_INFO [17.920542842] ElevatorArm: Acquired ownership on behalf of FtcTeleOp.
ElevatorArm.performAction_INFO [17.923460384] actionParams=
(	actionType=ArmSetPosition
	actionEvent=null
	delay=0.000
	pos=270.0
	powerLimit=0.1
	power=0.0
	duration=0.0
	posRange=0.0/0.0
	event=(ElevatorArm.releaseOwnership=CLEARED)
	expiredTime=1701640999.665
)
arm.servo.posPidCtrl.isStalled_INFO [19.750364318] PID stalled.
arm.servo.pidCtrlTask_INFO [19.762649902] onTarget=false(266.673/270.0), stalled=true, expired=false, event=(ElevatorArm.releaseOwnership=SIGNALED)
releaseOwnership.releaseOwnership_INFO [19.775636362] ElevatorArm: Released ownership on behalf of FtcTeleOp.
ElevatorArm.elevatorSetPosition_INFO [23.000493519] owner=FtcTeleOp, delay=0.000, pos=12.4, powerLimit=1.0, event=null, timeout=1.000 (elevatorPos=14.35, armPos=266.35)
ElevatorArm.cancel_INFO [23.001414894] owner=FtcTeleOp
acquireOwnership.acquireOwnership_INFO [23.002110228] ElevatorArm: Acquired ownership on behalf of FtcTeleOp.
ElevatorArm.performAction_INFO [23.002921353] actionParams=
(	actionType=ElevatorSetPosition
	actionEvent=null
	delay=0.000
	pos=12.4
	powerLimit=1.0
	power=0.0
	duration=0.0
	posRange=0.0/0.0
	event=(ElevatorArm.releaseOwnership=CLEARED)
	expiredTime=1701641000.751
)
elevator.motor.pidCtrlTask_INFO [23.35478543] onTarget=true(12.313/12.4), stalled=false, expired=false, event=(ElevatorArm.releaseOwnership=SIGNALED)
releaseOwnership.releaseOwnership_INFO [23.379597516] ElevatorArm: Released ownership on behalf of FtcTeleOp.
pixelTray.setLowerGateOpened_INFO [23.649199918] lowerGateOpened = true
ElevatorArm.armSetPosition_INFO [24.33383907] owner=FtcTeleOp, delay=0.000, pos=27.3, powerLimit=0.1, event=null, timeout=5.000 (elevatorPos=12.25, armPos=265.80)
ElevatorArm.cancel_INFO [24.336613695] owner=FtcTeleOp
acquireOwnership.acquireOwnership_INFO [24.338589445] ElevatorArm: Acquired ownership on behalf of FtcTeleOp.
elevator.motor.pidCtrlTask_INFO [24.731423068] onTarget=true(14.333/14.5), stalled=false, expired=false, event=(armSetPosition.actionEvent=SIGNALED)
ElevatorArm.performAction_INFO [24.773019406] actionParams=
(	actionType=ArmSetPosition
	actionEvent=(armSetPosition.actionEvent=SIGNALED)
	delay=0.000
	pos=27.3
	powerLimit=0.1
	power=0.0
	duration=0.0
	posRange=0.0/0.0
	event=(ElevatorArm.releaseOwnership=CLEARED)
	expiredTime=1701641006.084
)
ElevatorArm.elevatorSetPosition_INFO [26.878347784] owner=FtcTeleOp, delay=0.000, pos=12.4, powerLimit=1.0, event=null, timeout=1.000 (elevatorPos=14.33, armPos=26.89)
ElevatorArm.cancel_INFO [26.879633742] owner=FtcTeleOp
acquireOwnership.acquireOwnership_INFO [26.880529159] ElevatorArm: Acquired ownership on behalf of FtcTeleOp.
ElevatorArm.performAction_INFO [26.881433618] actionParams=
(	actionType=ElevatorSetPosition
	actionEvent=null
	delay=0.000
	pos=12.4
	powerLimit=1.0
	power=0.0
	duration=0.0
	posRange=0.0/0.0
	event=(ElevatorArm.releaseOwnership=CLEARED)
	expiredTime=1701641004.629
)
elevator.motor.pidCtrlTask_INFO [27.210002859] onTarget=true(12.453/12.4), stalled=false, expired=false, event=(ElevatorArm.releaseOwnership=SIGNALED)
releaseOwnership.releaseOwnership_INFO [27.246516904] ElevatorArm: Released ownership on behalf of FtcTeleOp.
pixelTray.setLowerGateOpened_INFO [35.388668931] lowerGateOpened = false
pixelTray.setUpperGateOpened_INFO [36.016926869] upperGateOpened = true
pixelTray.setUpperGateOpened_INFO [37.114970021] upperGateOpened = false
pixelTray.setUpperGateOpened_INFO [37.524895604] upperGateOpened = true
pixelTray.setLowerGateOpened_INFO [38.237321259] lowerGateOpened = true
pixelTray.setUpperGateOpened_INFO [39.233910484] upperGateOpened = false
pixelTray.setLowerGateOpened_INFO [39.729886492] lowerGateOpened = false
ElevatorArm.armSetPosition_INFO [40.275123255] owner=FtcTeleOp, delay=0.000, pos=270.0, powerLimit=0.1, event=null, timeout=5.000 (elevatorPos=12.29, armPos=25.80)
ElevatorArm.cancel_INFO [40.276864505] owner=FtcTeleOp
acquireOwnership.acquireOwnership_INFO [40.278845505] ElevatorArm: Acquired ownership on behalf of FtcTeleOp.
elevator.motor.pidCtrlTask_INFO [40.672936795] onTarget=true(14.218/14.5), stalled=false, expired=false, event=(armSetPosition.actionEvent=SIGNALED)
ElevatorArm.performAction_INFO [40.692407589] actionParams=
(	actionType=ArmSetPosition
	actionEvent=(armSetPosition.actionEvent=SIGNALED)
	delay=0.000
	pos=270.0
	powerLimit=0.1
	power=0.0
	duration=0.0
	posRange=0.0/0.0
	event=(ElevatorArm.releaseOwnership=CLEARED)
	expiredTime=1701641022.022
)
arm.servo.posPidCtrl.isStalled_INFO [43.153274461] PID stalled.
arm.servo.pidCtrlTask_INFO [43.16296042] onTarget=false(266.018/270.0), stalled=true, expired=false, event=(ElevatorArm.releaseOwnership=SIGNALED)
releaseOwnership.releaseOwnership_INFO [43.190533131] ElevatorArm: Released ownership on behalf of FtcTeleOp.
ElevatorArm.elevatorSetPosition_INFO [45.356903557] owner=FtcTeleOp, delay=0.000, pos=12.4, powerLimit=1.0, event=null, timeout=1.000 (elevatorPos=14.38, armPos=265.80)
ElevatorArm.cancel_INFO [45.360828224] owner=FtcTeleOp
acquireOwnership.acquireOwnership_INFO [45.3623936] ElevatorArm: Acquired ownership on behalf of FtcTeleOp.
ElevatorArm.performAction_INFO [45.364229933] actionParams=
(	actionType=ElevatorSetPosition
	actionEvent=null
	delay=0.000
	pos=12.4
	powerLimit=1.0
	power=0.0
	duration=0.0
	posRange=0.0/0.0
	event=(ElevatorArm.releaseOwnership=CLEARED)
	expiredTime=1701641023.107
)
elevator.motor.pidCtrlTask_INFO [45.746372513] onTarget=true(12.248/12.4), stalled=false, expired=false, event=(ElevatorArm.releaseOwnership=SIGNALED)
releaseOwnership.releaseOwnership_INFO [45.790468143] ElevatorArm: Released ownership on behalf of FtcTeleOp.
pixelTray.setLowerGateOpened_INFO [46.448987375] lowerGateOpened = true
pixelTray.setUpperGateOpened_INFO [47.062423395] upperGateOpened = true
ElevatorArm.armSetPosition_INFO [47.553703278] owner=FtcTeleOp, delay=0.000, pos=27.3, powerLimit=0.1, event=null, timeout=5.000 (elevatorPos=12.26, armPos=267.22)
ElevatorArm.cancel_INFO [47.554920111] owner=FtcTeleOp
acquireOwnership.acquireOwnership_INFO [47.557664403] ElevatorArm: Acquired ownership on behalf of FtcTeleOp.
elevator.motor.pidCtrlTask_INFO [48.101285916] onTarget=true(14.054/14.5), stalled=false, expired=false, event=(armSetPosition.actionEvent=SIGNALED)
ElevatorArm.performAction_INFO [48.127100752] actionParams=
(	actionType=ArmSetPosition
	actionEvent=(armSetPosition.actionEvent=SIGNALED)
	delay=0.000
	pos=27.3
	powerLimit=0.1
	power=0.0
	duration=0.0
	posRange=0.0/0.0
	event=(ElevatorArm.releaseOwnership=CLEARED)
	expiredTime=1701641029.304
)
arm.servo.pidCtrlTask_INFO [50.581168291] onTarget=true(26.345/27.3), stalled=false, expired=false, event=(ElevatorArm.releaseOwnership=SIGNALED)
releaseOwnership.releaseOwnership_INFO [50.582742124] ElevatorArm: Released ownership on behalf of FtcTeleOp.
ElevatorArm.elevatorSetPosition_INFO [50.790680353] owner=FtcTeleOp, delay=0.000, pos=12.4, powerLimit=1.0, event=null, timeout=1.000 (elevatorPos=14.31, armPos=27.44)
ElevatorArm.cancel_INFO [50.792798145] owner=FtcTeleOp
acquireOwnership.acquireOwnership_INFO [50.794717895] ElevatorArm: Acquired ownership on behalf of FtcTeleOp.
ElevatorArm.performAction_INFO [50.796456521] actionParams=
(	actionType=ElevatorSetPosition
	actionEvent=null
	delay=0.000
	pos=12.4
	powerLimit=1.0
	power=0.0
	duration=0.0
	posRange=0.0/0.0
	event=(ElevatorArm.releaseOwnership=CLEARED)
	expiredTime=1701641028.541
)
elevator.motor.pidCtrlTask_INFO [51.174110642] onTarget=true(12.428/12.4), stalled=false, expired=false, event=(ElevatorArm.releaseOwnership=SIGNALED)
releaseOwnership.releaseOwnership_INFO [51.218342188] ElevatorArm: Released ownership on behalf of FtcTeleOp.
ElevatorArm.elevatorSetPosition_INFO [51.375576204] owner=FtcTeleOp, delay=0.000, pos=12.4, powerLimit=1.0, event=null, timeout=1.000 (elevatorPos=12.43, armPos=27.98)
ElevatorArm.cancel_INFO [51.376547454] owner=FtcTeleOp
acquireOwnership.acquireOwnership_INFO [51.377723746] ElevatorArm: Acquired ownership on behalf of FtcTeleOp.
ElevatorArm.performAction_INFO [51.379083496] actionParams=
(	actionType=ElevatorSetPosition
	actionEvent=null
	delay=0.000
	pos=12.4
	powerLimit=1.0
	power=0.0
	duration=0.0
	posRange=0.0/0.0
	event=(ElevatorArm.releaseOwnership=CLEARED)
	expiredTime=1701641029.126
)
elevator.motor.pidCtrlTask_INFO [51.616745478] onTarget=true(12.330/12.4), stalled=false, expired=false, event=(ElevatorArm.releaseOwnership=SIGNALED)
releaseOwnership.releaseOwnership_INFO [51.617172186] ElevatorArm: Released ownership on behalf of FtcTeleOp.
pixelTray.setLowerGateOpened_INFO [53.534145712] lowerGateOpened = false
ElevatorArm.armSetPosition_INFO [54.071341516] owner=FtcTeleOp, delay=0.000, pos=270.0, powerLimit=0.1, event=null, timeout=5.000 (elevatorPos=12.33, armPos=27.87)
ElevatorArm.cancel_INFO [54.073904975] owner=FtcTeleOp
acquireOwnership.acquireOwnership_INFO [54.075258892] ElevatorArm: Acquired ownership on behalf of FtcTeleOp.
elevator.motor.pidCtrlTask_INFO [54.439601053] onTarget=true(14.325/14.5), stalled=false, expired=false, event=(armSetPosition.actionEvent=SIGNALED)
ElevatorArm.performAction_INFO [54.439816887] actionParams=
(	actionType=ArmSetPosition
	actionEvent=(armSetPosition.actionEvent=SIGNALED)
	delay=0.000
	pos=270.0
	powerLimit=0.1
	power=0.0
	duration=0.0
	posRange=0.0/0.0
	event=(ElevatorArm.releaseOwnership=CLEARED)
	expiredTime=1701641035.822
)
ElevatorArm.armSetPosition_INFO [54.672854785] owner=FtcTeleOp, delay=0.000, pos=270.0, powerLimit=0.1, event=null, timeout=5.000 (elevatorPos=14.34, armPos=34.31)
ElevatorArm.cancel_INFO [54.674000743] owner=FtcTeleOp
acquireOwnership.acquireOwnership_INFO [54.675315577] ElevatorArm: Acquired ownership on behalf of FtcTeleOp.
ElevatorArm.performAction_INFO [54.676342535] actionParams=
(	actionType=ArmSetPosition
	actionEvent=null
	delay=0.000
	pos=270.0
	powerLimit=0.1
	power=0.0
	duration=0.0
	posRange=0.0/0.0
	event=(ElevatorArm.releaseOwnership=CLEARED)
	expiredTime=1701641036.423
)
arm.servo.posPidCtrl.isStalled_INFO [56.253824777] PID stalled.
arm.servo.pidCtrlTask_INFO [56.263162486] onTarget=false(267.327/270.0), stalled=true, expired=false, event=(ElevatorArm.releaseOwnership=SIGNALED)
releaseOwnership.releaseOwnership_INFO [56.268646404] ElevatorArm: Released ownership on behalf of FtcTeleOp.
ElevatorArm.elevatorSetPosition_INFO [58.024264372] owner=FtcTeleOp, delay=0.000, pos=15.0, powerLimit=1.0, event=null, timeout=1.000 (elevatorPos=14.36, armPos=267.22)
ElevatorArm.cancel_INFO [58.025871455] owner=FtcTeleOp
acquireOwnership.acquireOwnership_INFO [58.027039289] ElevatorArm: Acquired ownership on behalf of FtcTeleOp.
ElevatorArm.performAction_INFO [58.030117831] actionParams=
(	actionType=ElevatorSetPosition
	actionEvent=null
	delay=0.000
	pos=15.0
	powerLimit=1.0
	power=0.0
	duration=0.0
	posRange=0.0/0.0
	event=(ElevatorArm.releaseOwnership=CLEARED)
	expiredTime=1701641035.775
)
releaseOwnership.releaseOwnership_INFO [58.331259319] ElevatorArm: Released ownership on behalf of FtcTeleOp.
elevator.motor.pidCtrlTask_INFO [58.331198944] onTarget=true(14.743/15.0), stalled=false, expired=false, event=(ElevatorArm.releaseOwnership=SIGNALED)
pixelTray.setLowerGateOpened_INFO [58.578028594] lowerGateOpened = true
ElevatorArm.armSetPosition_INFO [59.098793063] owner=FtcTeleOp, delay=0.000, pos=27.3, powerLimit=0.1, event=null, timeout=5.000 (elevatorPos=14.75, armPos=267.00)
ElevatorArm.cancel_INFO [59.10063698] owner=FtcTeleOp
acquireOwnership.acquireOwnership_INFO [59.102837313] ElevatorArm: Acquired ownership on behalf of FtcTeleOp.
ElevatorArm.performAction_INFO [59.104520522] actionParams=
(	actionType=ArmSetPosition
	actionEvent=null
	delay=0.000
	pos=27.3
	powerLimit=0.1
	power=0.0
	duration=0.0
	posRange=0.0/0.0
	event=(ElevatorArm.releaseOwnership=CLEARED)
	expiredTime=1701641040.849
)
arm.servo.posPidCtrl.isStalled_INFO [61.621548692] PID stalled.
arm.servo.pidCtrlTask_INFO [61.631286859] onTarget=true(27.982/27.3), stalled=true, expired=false, event=(ElevatorArm.releaseOwnership=SIGNALED)
releaseOwnership.releaseOwnership_INFO [61.662085112] ElevatorArm: Released ownership on behalf of FtcTeleOp.
ElevatorArm.elevatorSetPosition_INFO [61.678027322] owner=FtcTeleOp, delay=0.000, pos=12.4, powerLimit=1.0, event=null, timeout=1.000 (elevatorPos=14.84, armPos=27.33)
ElevatorArm.cancel_INFO [61.680775989] owner=FtcTeleOp
acquireOwnership.acquireOwnership_INFO [61.682639739] ElevatorArm: Acquired ownership on behalf of FtcTeleOp.
ElevatorArm.performAction_INFO [61.684930198] actionParams=
(	actionType=ElevatorSetPosition
	actionEvent=null
	delay=0.000
	pos=12.4
	powerLimit=1.0
	power=0.0
	duration=0.0
	posRange=0.0/0.0
	event=(ElevatorArm.releaseOwnership=CLEARED)
	expiredTime=1701641039.428
)
elevator.motor.pidCtrlTask_INFO [62.074627529] onTarget=true(12.338/12.4), stalled=false, expired=false, event=(ElevatorArm.releaseOwnership=SIGNALED)
releaseOwnership.releaseOwnership_INFO [62.093747156] ElevatorArm: Released ownership on behalf of FtcTeleOp.
ElevatorArm.setHangingPosition_INFO [75.123425673] owner=FtcTeleOp, delay=0.000, event=null, timeout=0.000
ElevatorArm.cancel_INFO [75.124406548] owner=FtcTeleOp
acquireOwnership.acquireOwnership_INFO [75.127750799] ElevatorArm: Acquired ownership on behalf of FtcTeleOp.
ElevatorArm.elevatorSetPosition_INFO [75.129884632] owner=FtcTeleOp, delay=0.000, pos=21.5, powerLimit=1.0, event=(setHangingPosition.actionEvent=CLEARED), timeout=1.000 (elevatorPos=12.29, armPos=26.45)
ElevatorArm.performAction_INFO [75.132215341] actionParams=
(	actionType=ElevatorSetPosition
	actionEvent=null
	delay=0.000
	pos=21.5
	powerLimit=1.0
	power=0.0
	duration=0.0
	posRange=0.0/0.0
	event=(setHangingPosition.actionEvent=CLEARED)
	expiredTime=1701641052.880
)
elevator.motor.posPidCtrl.isStalled_INFO [75.89033525] PID stalled.
elevator.motor.pidCtrlTask_INFO [75.894021917] onTarget=false(21.105/21.5), stalled=true, expired=false, event=(setHangingPosition.actionEvent=SIGNALED)
ElevatorArm.performAction_INFO [75.896017792] actionParams=
(	actionType=ArmSetPosition
	actionEvent=(setHangingPosition.actionEvent=SIGNALED)
	delay=0.000
	pos=165.0
	powerLimit=0.1
	power=0.0
	duration=0.0
	posRange=0.0/0.0
	event=(ElevatorArm.releaseOwnership=CLEARED)
	expiredTime=0.000
)
arm.servo.posPidCtrl.isStalled_INFO [77.117640999] PID stalled.
arm.servo.pidCtrlTask_INFO [77.122373291] onTarget=false(110.891/165.0), stalled=true, expired=false, event=(ElevatorArm.releaseOwnership=SIGNALED)
releaseOwnership.releaseOwnership_INFO [77.124129124] ElevatorArm: Released ownership on behalf of FtcTeleOp.
ElevatorArm.elevatorSetPosition_INFO [77.171586796] owner=FtcTeleOp, delay=0.000, pos=12.1, powerLimit=1.0, event=null, timeout=0.000 (elevatorPos=21.14, armPos=110.78)
ElevatorArm.cancel_INFO [77.173952504] owner=FtcTeleOp
acquireOwnership.acquireOwnership_INFO [77.176500796] ElevatorArm: Acquired ownership on behalf of FtcTeleOp.
ElevatorArm.performAction_INFO [77.178300963] actionParams=
(	actionType=ElevatorSetPosition
	actionEvent=null
	delay=0.000
	pos=12.1
	powerLimit=1.0
	power=0.0
	duration=0.0
	posRange=0.0/0.0
	event=(ElevatorArm.releaseOwnership=CLEARED)
	expiredTime=0.000
)
elevator.motor.posPidCtrl.isStalled_INFO [78.160991103] PID stalled.
elevator.motor.pidCtrlTask_INFO [78.164230062] onTarget=false(12.839/12.1), stalled=true, expired=false, event=(ElevatorArm.releaseOwnership=SIGNALED)
releaseOwnership.releaseOwnership_INFO [78.16444327] ElevatorArm: Released ownership on behalf of FtcTeleOp.
elevator.motor.isMotorStalled_INFO [78.237870944] Stall protection activated.
elevator.motor.isMotorStalled_INFO [78.446262132] Stall protection activated.
elevator.motor.isMotorStalled_INFO [78.666523279] Stall protection activated.
elevator.motor.isMotorStalled_INFO [78.876171842] Stall protection activated.
elevator.motor.isMotorStalled_INFO [79.077307529] Stall protection activated.
elevator.motor.isMotorStalled_INFO [79.285463341] Stall protection activated.
elevator.motor.isMotorStalled_INFO [79.487770945] Stall protection activated.
elevator.motor.isMotorStalled_INFO [79.701728591] Stall protection activated.
elevator.motor.isMotorStalled_INFO [80.339405614] Stall protection activated.
elevator.motor.isMotorStalled_INFO [80.552999844] Stall protection activated.
elevator.motor.isMotorStalled_INFO [80.774045283] Stall protection activated.
elevator.motor.isMotorStalled_INFO [80.974660636] Stall protection activated.
elevator.motor.isMotorStalled_INFO [81.191849075] Stall protection activated.
elevator.motor.isMotorStalled_INFO [81.418489264] Stall protection activated.
elevator.motor.isMotorStalled_INFO [81.619806076] Stall protection activated.
elevator.motor.isMotorStalled_INFO [81.828894639] Stall protection activated.
elevator.motor.isMotorStalled_INFO [83.041243427] Stall protection activated.
elevator.motor.isMotorStalled_INFO [83.261832991] Stall protection activated.
elevator.motor.isMotorStalled_INFO [83.478198346] Stall protection activated.
elevator.motor.isMotorStalled_INFO [86.704412337] Stall protection activated.
elevator.motor.isMotorStalled_INFO [86.92005815] Stall protection activated.
elevator.motor.isMotorStalled_INFO [87.140403297] Stall protection activated.
elevator.motor.isMotorStalled_INFO [87.353307735] Stall protection activated.
elevator.motor.isMotorStalled_INFO [87.572623882] Stall protection activated.
elevator.motor.isMotorStalled_INFO [87.78327082] Stall protection activated.
elevator.motor.isMotorStalled_INFO [87.995877758] Stall protection activated.
elevator.motor.isMotorStalled_INFO [88.196666362] Stall protection activated.
elevator.motor.isMotorStalled_INFO [88.398836299] Stall protection activated.
elevator.motor.isMotorStalled_INFO [88.606105736] Stall protection activated.
elevator.motor.isMotorStalled_INFO [88.809264715] Stall protection activated.
elevator.motor.isMotorStalled_INFO [89.022665861] Stall protection activated.
elevator.motor.isMotorStalled_INFO [89.240187675] Stall protection activated.
elevator.motor.isMotorStalled_INFO [89.44134757] Stall protection activated.
elevator.motor.isMotorStalled_INFO [89.648090841] Stall protection activated.
elevator.motor.isMotorStalled_INFO [89.875814572] Stall protection activated.
elevator.motor.isMotorStalled_INFO [90.09075076] Stall protection activated.
elevator.motor.isMotorStalled_INFO [90.310958532] Stall protection activated.
elevator.motor.isMotorStalled_INFO [90.527227929] Stall protection activated.
elevator.motor.isMotorStalled_INFO [90.744465659] Stall protection activated.
elevator.motor.isMotorStalled_INFO [90.948005846] Stall protection activated.
elevator.motor.isMotorStalled_INFO [91.153929242] Stall protection activated.
elevator.motor.isMotorStalled_INFO [91.357681763] Stall protection activated.
elevator.motor.isMotorStalled_INFO [91.565148658] Stall protection activated.
elevator.motor.isMotorStalled_INFO [91.775001971] Stall protection activated.
elevator.motor.isMotorStalled_INFO [91.982174867] Stall protection activated.
elevator.motor.isMotorStalled_INFO [92.185462179] Stall protection activated.
elevator.motor.isMotorStalled_INFO [92.392229367] Stall protection activated.
elevator.motor.isMotorStalled_INFO [92.595321554] Stall protection activated.
elevator.motor.isMotorStalled_INFO [92.801582116] Stall protection activated.
elevator.motor.isMotorStalled_INFO [93.003030761] Stall protection activated.
elevator.motor.isMotorStalled_INFO [93.216888949] Stall protection activated.
elevator.motor.isMotorStalled_INFO [93.434508763] Stall protection activated.
elevator.motor.isMotorStalled_INFO [93.6412637] Stall protection activated.
elevator.motor.isMotorStalled_INFO [93.843314637] Stall protection activated.
elevator.motor.isMotorStalled_INFO [94.052673283] Stall protection activated.
elevator.motor.isMotorStalled_INFO [94.260363304] Stall protection activated.
elevator.motor.isMotorStalled_INFO [94.471237742] Stall protection activated.
elevator.motor.isMotorStalled_INFO [94.685002305] Stall protection activated.
elevator.motor.isMotorStalled_INFO [94.893844118] Stall protection activated.
elevator.motor.isMotorStalled_INFO [95.104295639] Stall protection activated.
elevator.motor.isMotorStalled_INFO [95.306926409] Stall protection activated.
elevator.motor.isMotorStalled_INFO [95.518427056] Stall protection activated.
elevator.motor.isMotorStalled_INFO [95.720817784] Stall protection activated.
elevator.motor.isMotorStalled_INFO [95.922577055] Stall protection activated.
elevator.motor.isMotorStalled_INFO [96.1265072] Stall protection activated.
elevator.motor.isMotorStalled_INFO [96.345727389] Stall protection activated.
elevator.motor.isMotorStalled_INFO [96.553190201] Stall protection activated.
elevator.motor.isMotorStalled_INFO [96.759435597] Stall protection activated.
elevator.motor.isMotorStalled_INFO [96.964737743] Stall protection activated.
elevator.motor.isMotorStalled_INFO [97.180007598] Stall protection activated.
elevator.motor.isMotorStalled_INFO [97.38841891] Stall protection activated.
elevator.motor.isMotorStalled_INFO [97.607850557] Stall protection activated.
elevator.motor.isMotorStalled_INFO [97.826308913] Stall protection activated.
elevator.motor.isMotorStalled_INFO [98.041558059] Stall protection activated.
elevator.motor.isMotorStalled_INFO [98.247703413] Stall protection activated.
elevator.motor.isMotorStalled_INFO [98.456641184] Stall protection activated.
elevator.motor.isMotorStalled_INFO [98.678099915] Stall protection activated.
ElevatorArm.elevatorSetPidPower_INFO [98.821791846] owner=null, power=0.7, minPos=12.1, maxPos=22.0, safe=true
ElevatorArm.elevatorSetPidPower_INFO [98.872582976] owner=null, power=0.8, minPos=12.1, maxPos=22.0, safe=true
ElevatorArm.elevatorSetPidPower_INFO [98.921549439] owner=null, power=-0.0, minPos=12.1, maxPos=22.0, safe=true
ElevatorArm.elevatorSetPidPower_INFO [99.332617189] owner=null, power=1.0, minPos=12.1, maxPos=22.0, safe=true
ElevatorArm.elevatorSetPidPower_INFO [99.522840458] owner=null, power=0.5, minPos=12.1, maxPos=22.0, safe=true
ElevatorArm.elevatorSetPidPower_INFO [99.572542796] owner=null, power=0.2, minPos=12.1, maxPos=22.0, safe=true
ElevatorArm.elevatorSetPidPower_INFO [99.621952885] owner=null, power=-0.0, minPos=12.1, maxPos=22.0, safe=true
ElevatorArm.elevatorSetPidPower_INFO [100.12168906] owner=null, power=1.0, minPos=12.1, maxPos=22.0, safe=true
ElevatorArm.elevatorSetPidPower_INFO [100.272291158] owner=null, power=-0.0, minPos=12.1, maxPos=22.0, safe=true
printElapsedTime.printElapsedTime_INFO [100.383217836] imu.getGyroData: avgElapsed=0.000007, minElapsed=0.000002, maxElapsed=0.000400
printElapsedTime.printElapsedTime_INFO [100.385487003] TrcDigitalInput.getInput: avgElapsed=0.003990, minElapsed=0.000085, maxElapsed=0.013695
printElapsedTime.printElapsedTime_INFO [100.387776878] TrcMotor.getPos: avgElapsed=0.000114, minElapsed=0.000003, maxElapsed=0.029967
printElapsedTime.printElapsedTime_INFO [100.389983045] TrcMotor.setPower: avgElapsed=0.001341, minElapsed=0.000006, maxElapsed=0.023571
printElapsedTime.printElapsedTime_INFO [100.390891879] TrcMotor.setVel: avgElapsed=0.000000, minElapsed=9223372036.854776, maxElapsed=0.000000
printElapsedTime.printElapsedTime_INFO [100.392249004] TrcMotor.setPos: avgElapsed=0.000000, minElapsed=9223372036.854776, maxElapsed=0.000000
printElapsedTime.printElapsedTime_INFO [100.393614587] TrcMotor.setCurrent: avgElapsed=0.000000, minElapsed=9223372036.854776, maxElapsed=0.000000
printElapsedTime.printElapsedTime_INFO [100.395596171] TrcServo.setPos: avgElapsed=0.010086, minElapsed=0.003375, maxElapsed=0.017241
Robot.stopMode_INFO [100.396995004] Disabling AprilTagVision.
Robot.stopMode_INFO [100.399871129] Disabling PurplePixelVision.
Robot.stopMode_INFO [100.401274338] Disabling GreenPixelVision.
Robot.stopMode_INFO [100.40263963] Disabling YellowPixelVision.
Robot.stopMode_INFO [100.403904588] Disabling WhitePixelVision.
Robot.stopMode_INFO [100.405256463] Disabling RedBlobVision.
Robot.stopMode_INFO [100.406629339] Disabling BlueBlobVision.
FtcTeleOp.stopMode_INFO [100.417368215] TeleOp Periodic average elapsed times:
DriveBaseControl=0.030065s
SubsystemControl=0.000128s
   DisplayStatus=0.000002s
TaskPerformance.printTaskPerformanceMetrics_INFO [100.418635215] TrcWatchdogMgr: STANDALONE_TASK=0.000172/0.990366
TaskPerformance.printTaskPerformanceMetrics_INFO [100.41955134] blinkin: OUTPUT_TASK=0.000034/0.027571
TaskPerformance.printTaskPerformanceMetrics_INFO [100.420416132] imu.converterTask: INPUT_TASK=0.000045/0.027572
TaskPerformance.printTaskPerformanceMetrics_INFO [100.421320882] imu.gyroTask: INPUT_TASK=0.020376/0.027579
TaskPerformance.printTaskPerformanceMetrics_INFO [100.422094382] lfDriveMotor.pidCtrlTask: OUTPUT_TASK=0.000132/0.027569
TaskPerformance.printTaskPerformanceMetrics_INFO [100.422945757] TrcMotor.odometryTask: STANDALONE_TASK=0.001750/0.001849
TaskPerformance.printTaskPerformanceMetrics_INFO [100.423827174] rfDriveMotor.pidCtrlTask: OUTPUT_TASK=0.000019/0.027569
TaskPerformance.printTaskPerformanceMetrics_INFO [100.424648507] lbDriveMotor.pidCtrlTask: OUTPUT_TASK=0.000169/0.027569
TaskPerformance.printTaskPerformanceMetrics_INFO [100.425584174] rbDriveMotor.pidCtrlTask: OUTPUT_TASK=0.000033/0.027569
TaskPerformance.printTaskPerformanceMetrics_INFO [100.426569132] TrcDriveBase.odometryTask: INPUT_TASK=0.000755/0.027572
TaskPerformance.printTaskPerformanceMetrics_INFO [100.427705466] elevator.motor.pidCtrlTask: OUTPUT_TASK=0.000803/0.027569
TaskPerformance.printTaskPerformanceMetrics_INFO [100.428681674] arm.encoder.converterTask: INPUT_TASK=0.000145/0.027573
TaskPerformance.printTaskPerformanceMetrics_INFO [100.429958008] arm.servo.pidCtrlTask: OUTPUT_TASK=0.004613/0.027572
TaskPerformance.printTaskPerformanceMetrics_INFO [100.430849049] arm.followerServo.pidCtrlTask: OUTPUT_TASK=0.000007/0.027570
TaskPerformance.printTaskPerformanceMetrics_INFO [100.432077841] intake.motor.pidCtrlTask: OUTPUT_TASK=0.000020/0.027564
TaskPerformance.printTaskPerformanceMetrics_INFO [100.433553383] launcher.pidCtrlTask: OUTPUT_TASK=0.000004/0.027564
TaskPerformance.printTaskPerformanceMetrics_INFO [100.434606883] DriverGamepad.buttonEventTask: PRE_PERIODIC_TASK=0.000004/0.000494
TaskPerformance.printTaskPerformanceMetrics_INFO [100.435538175] OperatorGamepad.buttonEventTask: PRE_PERIODIC_TASK=0.000008/0.000494
FtcOpMode.printPerformanceMetrics_INFO [100.436231466] [FtcTeleOp] Main robot thread average elapsed times:
       robotInit=3.512492s
    initPeriodic=NaNs
       startMode=0.000242s
    loopInterval=0.000494s (2025.624Hz)
             sdk=0.000024s
 prePeriodicTask=0.000076s
        periodic=0.000301s
postPeriodicTask=0.000056s
         loopSum=0.000470s
        stopMode=0.000000s
FtcTeleOp.stopMode_INFO [100.43732755] ***** Stopping TeleOp *****
