globalTracer.FtcTeleOp_Info: ***** Starting TeleOp *****
globalTracer.startMode_Info: Restore saved RobotPose=(x=53.1,y=-36.7,angle=-359.7)
globalTracer.startMode_Info: Enabling AprilTagVision.
globalTracer.acquireOwnership_Info: elevator.motor: Acquired ownership on behalf of the FtcTeleOp.
globalTracer.printElapsedTime_Info: imu.getGyroData: avgElapsed=0.000005, minElapsed=0.000001, maxElapsed=0.002688
globalTracer.printElapsedTime_Info: TrcDigitalInput.getInput: avgElapsed=0.001669, minElapsed=0.000021, maxElapsed=0.032403
globalTracer.printElapsedTime_Info: TrcMotor.getPos: avgElapsed=0.000153, minElapsed=0.000002, maxElapsed=0.029720
globalTracer.printElapsedTime_Info: TrcMotor.setPower: avgElapsed=0.001109, minElapsed=0.000016, maxElapsed=0.030982
globalTracer.printElapsedTime_Info: TrcMotor.setVel: avgElapsed=0.000000, minElapsed=9223372036.854776, maxElapsed=0.000000
globalTracer.printElapsedTime_Info: TrcMotor.setPos: avgElapsed=0.000000, minElapsed=9223372036.854776, maxElapsed=0.000000
globalTracer.printElapsedTime_Info: TrcMotor.setCurrent: avgElapsed=0.000000, minElapsed=9223372036.854776, maxElapsed=0.000000
globalTracer.printElapsedTime_Info: TrcServo.setPos: avgElapsed=0.000000, minElapsed=9223372036.854776, maxElapsed=0.000000
globalTracer.stopMode_Info: Disabling AprilTagVision.
globalTracer.stopMode_Info: Disabling PurplePixelVision.
globalTracer.stopMode_Info: Disabling GreenPixelVision.
globalTracer.stopMode_Info: Disabling YellowPixelVision.
globalTracer.stopMode_Info: Disabling WhitePixelVision.
globalTracer.stopMode_Info: Disabling RedConeVision.
globalTracer.stopMode_Info: Disabling BlueConeVision.
globalTracer.TaskPerformance_Info: blinkin: OUTPUT_TASK=0.000019/0.020095
globalTracer.TaskPerformance_Info: imu.converterTask: INPUT_TASK=0.000035/0.020529
globalTracer.TaskPerformance_Info: imu.gyroTask: INPUT_TASK=0.019021/0.020529
globalTracer.TaskPerformance_Info: lfDriveMotor.pidCtrlTask: OUTPUT_TASK=0.000145/0.020095
globalTracer.TaskPerformance_Info: TrcMotor.odometryTask: STANDALONE_TASK=0.004112/0.004718
globalTracer.TaskPerformance_Info: rfDriveMotor.pidCtrlTask: OUTPUT_TASK=0.000066/0.020095
globalTracer.TaskPerformance_Info: lbDriveMotor.pidCtrlTask: OUTPUT_TASK=0.000136/0.020093
globalTracer.TaskPerformance_Info: rbDriveMotor.pidCtrlTask: OUTPUT_TASK=0.000090/0.020093
globalTracer.TaskPerformance_Info: TrcDriveBase.odometryTask: PRE_PERIODIC_TASK=0.001999/0.080767
globalTracer.TaskPerformance_Info: elevator.motor.pidCtrlTask: OUTPUT_TASK=0.000519/0.020093
globalTracer.TaskPerformance_Info: arm.encoder.converterTask: INPUT_TASK=0.000282/0.020093
globalTracer.TaskPerformance_Info: arm.servo.pidCtrlTask: OUTPUT_TASK=0.000007/0.020093
globalTracer.TaskPerformance_Info: arm.followerServo.pidCtrlTask: OUTPUT_TASK=0.000003/0.020093
globalTracer.TaskPerformance_Info: intake.motor.pidCtrlTask: OUTPUT_TASK=0.000007/0.020093
globalTracer.TaskPerformance_Info: launcher.pidCtrlTask: OUTPUT_TASK=0.000003/0.020091
globalTracer.TaskPerformance_Info: DriverGamepad.buttonEventTask: PRE_PERIODIC_TASK=0.000072/0.080772
globalTracer.TaskPerformance_Info: OperatorGamepad.buttonEventTask: PRE_PERIODIC_TASK=0.000634/0.080772
globalTracer.FtcOpMode_Info: [FtcTeleOp] Main robot thread average elapsed times:
       robotInit=2.451913s
    initPeriodic=0.005425s
       startMode=0.000044s
    loopInterval=0.080776s (12.380Hz)
             sdk=0.000184s
 prePeriodicTask=0.002842s
        periodic=0.072429s
postPeriodicTask=0.000128s
         loopSum=0.080652s
        stopMode=0.000000s
globalTracer.FtcTeleOp_Info: ***** Stopping TeleOp *****
