FtcTeleOp.startMode_INFO [0.005889042] ***** Starting TeleOp: 20240114@160140 *****
TrcDriveBase.resetOdometry_INFO [0.066307798] resetPosOd=false, resetHeadingOd=true, resetHardware=false
TrcDriveBase.setFieldPosition_INFO [0.067088298] pose=(x=30.8,y=-33.6,angle=-88.8),positionOnly=false
TrcDriveBase.resetOdometry_INFO [0.067547673] resetPosOd=true, resetHeadingOd=true, resetHardware=false
Robot.startMode_INFO [0.068309798] Restore saved RobotPose=(x=30.8,y=-33.6,angle=-88.8)
FtcTeleOp.startMode_INFO [0.069307882] Enabling AprilTagVision.
FtcTeleOp.operatorButtonEvent_INFO [0.693354736] >>>>> Set Scoring Position.
ElevatorArm.setScoringPosition_INFO [0.694684153] owner=FtcTeleOp, delay=0.000, elevatorPos=15.0, event=null, timeout=0.000 (elevatorPos=12.10, armPos=63.00)
ElevatorArm.cancel_INFO [0.696246903] owner=FtcTeleOp
ElevatorArm.acquireOwnership_INFO [0.697544528] Acquired ownership on behalf of FtcTeleOp
ElevatorArm.elevatorSetPosition_INFO [0.706937946] owner=FtcTeleOp, delay=0.000, pos=15.0, powerLimit=1.0, event=(setScoringPosition.actionEvent=CLEARED), timeout=1.000 (elevatorPos=12.10, armPos=63.00)
ElevatorArm.performAction_INFO [0.70895628] actionParams=
(	actionType=ElevatorSetPosition
	actionEvent=null
	delay=0.000
	pos=15.0
	powerLimit=1.0
	power=0.0
	duration=0.0
	posRange=0.0/0.0
	event=(setScoringPosition.actionEvent=CLEARED)
	expiredTime=1705276901.802
)
FtcTeleOp.driverButtonEvent_INFO [1.013285977] >>>>> DrivePower slow.
elevator.motor.pidCtrlTask_INFO [1.149320199] onTarget=true(14.677650/15.0), stalled=false, expired=false, event=(setScoringPosition.actionEvent=SIGNALED)
ElevatorArm.performAction_INFO [1.151965032] actionParams=
(	actionType=ArmSetPosition
	actionEvent=(setScoringPosition.actionEvent=SIGNALED)
	delay=0.000
	pos=270.0
	powerLimit=0.1
	power=0.0
	duration=0.0
	posRange=0.0/0.0
	event=(ElevatorArm.releaseOwnership=CLEARED)
	expiredTime=0.000
)
FtcTeleOp.operatorButtonEvent_INFO [1.399900099] >>>>> AutoPickupOn=true
intake.analogTriggerCallback_INFO [1.483584524] Zone=1->0, value=1.260
FtcTeleOp.operatorButtonEvent_INFO [1.68970567] >>>>> Toggle lower gate: open=true
pixelTray.setLowerGateOpened_INFO [1.691480462] lowerGateOpened=true, event=null
arm.servo.posPidCtrl.isStalled_INFO [2.873321789] PID stalled.
arm.servo.pidCtrlTask_INFO [2.883966456] onTarget=false(267.981829/270.0), stalled=true, expired=false, event=(ElevatorArm.releaseOwnership=SIGNALED)
ElevatorArm.releaseOwnership_INFO [2.911044501] Released ownership on behalf of FtcTeleOp
FtcTeleOp.operatorButtonEvent_INFO [3.25318791] >>>>> Set Loading Position.
ElevatorArm.setLoadingPosition_INFO [3.254673952] owner=FtcTeleOp, delay=0.000, event=null, timeout=0.000 (elevatorPos=14.81, armPos=268.20)
ElevatorArm.cancel_INFO [3.255817285] owner=FtcTeleOp
ElevatorArm.acquireOwnership_INFO [3.256370285] Acquired ownership on behalf of FtcTeleOp
ElevatorArm.armSetPosition_INFO [3.277914538] owner=FtcTeleOp, delay=0.000, pos=27.3, powerLimit=0.1, event=(setLoadingPosition.actionEvent=CLEARED), timeout=3.000 (elevatorPos=14.81, armPos=267.87)
ElevatorArm.performAction_INFO [3.279769538] actionParams=
(	actionType=ArmSetPosition
	actionEvent=null
	delay=0.000
	pos=27.3
	powerLimit=0.1
	power=0.0
	duration=0.0
	posRange=0.0/0.0
	event=(setLoadingPosition.actionEvent=CLEARED)
	expiredTime=1705276906.380
)
arm.servo.posPidCtrl.isStalled_INFO [5.499885969] PID stalled.
arm.servo.pidCtrlTask_INFO [5.500806761] onTarget=true(26.890920/27.3), stalled=true, expired=false, event=(setLoadingPosition.actionEvent=SIGNALED)
ElevatorArm.performAction_INFO [5.563508392] actionParams=
(	actionType=ElevatorSetPosition
	actionEvent=(setLoadingPosition.actionEvent=SIGNALED)
	delay=0.000
	pos=12.4
	powerLimit=1.0
	power=0.0
	duration=0.0
	posRange=0.0/0.0
	event=(ElevatorArm.releaseOwnership=CLEARED)
	expiredTime=0.000
)
FtcTeleOp.operatorButtonEvent_INFO [6.901289318] >>>>> ZeroCalibrate pressed.
ElevatorArm.zeroCalibrate_INFO [6.902651402] owner=FtcTeleOp
ElevatorArm.cancel_INFO [6.903944944] owner=FtcTeleOp
ElevatorArm.acquireOwnership_INFO [6.905253944] Acquired ownership on behalf of FtcTeleOp
elevator.motor.pidCtrlTask_INFO [6.936613947] Zero calibration done.
elevator.motor.pidCtrlTask_INFO [6.937492739] onTarget=false(0.000000/null), stalled=false, expired=false, event=(ElevatorArm.releaseOwnership=SIGNALED)
ElevatorArm.releaseOwnership_INFO [6.956017366] Released ownership on behalf of FtcTeleOp
ElevatorArm.releaseOwnership_INFO [6.96485195] Signal completion event (ElevatorArm.zeroCalComplete=SIGNALED)
ElevatorArm.zeroCalCompleted_INFO [6.976827493] Zero Calibrate completed (lowerLimitSw=true).
FtcTeleOp.operatorButtonEvent_INFO [7.315090277] >>>>> ElevatorPresetPosUp pressed.
ElevatorArm.elevatorSetPosition_INFO [7.325165319] owner=FtcTeleOp, delay=0.000, pos=15.0, powerLimit=1.0, event=null, timeout=1.000 (elevatorPos=13.11, armPos=26.78)
ElevatorArm.cancel_INFO [7.326271903] owner=FtcTeleOp
ElevatorArm.acquireOwnership_INFO [7.327904361] Acquired ownership on behalf of FtcTeleOp
ElevatorArm.performAction_INFO [7.33050982] actionParams=
(	actionType=ElevatorSetPosition
	actionEvent=null
	delay=0.000
	pos=15.0
	powerLimit=1.0
	power=0.0
	duration=0.0
	posRange=0.0/0.0
	event=(ElevatorArm.releaseOwnership=CLEARED)
	expiredTime=1705276908.423
)
elevator.motor.pidCtrlTask_INFO [7.725997026] onTarget=true(14.759741/15.0), stalled=false, expired=false, event=(ElevatorArm.releaseOwnership=SIGNALED)
ElevatorArm.releaseOwnership_INFO [7.75095757] Released ownership on behalf of FtcTeleOp
FtcTeleOp.operatorButtonEvent_INFO [8.191391198] >>>>> Set Scoring Position.
ElevatorArm.setScoringPosition_INFO [8.19370849] owner=FtcTeleOp, delay=0.000, elevatorPos=15.0, event=null, timeout=0.000 (elevatorPos=14.76, armPos=28.31)
ElevatorArm.cancel_INFO [8.194976948] owner=FtcTeleOp
ElevatorArm.acquireOwnership_INFO [8.196195532] Acquired ownership on behalf of FtcTeleOp
ElevatorArm.elevatorSetPosition_INFO [8.198248574] owner=FtcTeleOp, delay=0.000, pos=15.0, powerLimit=1.0, event=(setScoringPosition.actionEvent=CLEARED), timeout=1.000 (elevatorPos=14.76, armPos=28.31)
ElevatorArm.performAction_INFO [8.199882782] actionParams=
(	actionType=ElevatorSetPosition
	actionEvent=null
	delay=0.000
	pos=15.0
	powerLimit=1.0
	power=0.0
	duration=0.0
	posRange=0.0/0.0
	event=(setScoringPosition.actionEvent=CLEARED)
	expiredTime=1705276909.301
)
elevator.motor.pidCtrlTask_INFO [8.407146095] onTarget=true(14.759741/15.0), stalled=false, expired=false, event=(setScoringPosition.actionEvent=SIGNALED)
ElevatorArm.performAction_INFO [8.408229053] actionParams=
(	actionType=ArmSetPosition
	actionEvent=(setScoringPosition.actionEvent=SIGNALED)
	delay=0.000
	pos=270.0
	powerLimit=0.1
	power=0.0
	duration=0.0
	posRange=0.0/0.0
	event=(ElevatorArm.releaseOwnership=CLEARED)
	expiredTime=0.000
)
FtcTeleOp.operatorButtonEvent_INFO [8.570429861] >>>>> AutoPickupOn=false
FtcTeleOp.operatorButtonEvent_INFO [9.144777294] >>>>> Set Loading Position.
ElevatorArm.setLoadingPosition_INFO [9.147539086] owner=FtcTeleOp, delay=0.000, event=null, timeout=0.000 (elevatorPos=14.76, armPos=37.80)
ElevatorArm.cancel_INFO [9.148826211] owner=FtcTeleOp
ElevatorArm.acquireOwnership_INFO [9.151045794] Acquired ownership on behalf of FtcTeleOp
ElevatorArm.armSetPosition_INFO [9.176759714] owner=FtcTeleOp, delay=0.000, pos=27.3, powerLimit=0.1, event=(setLoadingPosition.actionEvent=CLEARED), timeout=3.000 (elevatorPos=14.76, armPos=38.24)
ElevatorArm.performAction_INFO [9.180108922] actionParams=
(	actionType=ArmSetPosition
	actionEvent=null
	delay=0.000
	pos=27.3
	powerLimit=0.1
	power=0.0
	duration=0.0
	posRange=0.0/0.0
	event=(setLoadingPosition.actionEvent=CLEARED)
	expiredTime=1705276912.279
)
arm.servo.pidCtrlTask_INFO [9.938186832] onTarget=true(28.200011/27.3), stalled=false, expired=false, event=(setLoadingPosition.actionEvent=SIGNALED)
ElevatorArm.performAction_INFO [9.948023583] actionParams=
(	actionType=ElevatorSetPosition
	actionEvent=(setLoadingPosition.actionEvent=SIGNALED)
	delay=0.000
	pos=12.4
	powerLimit=1.0
	power=0.0
	duration=0.0
	posRange=0.0/0.0
	event=(ElevatorArm.releaseOwnership=CLEARED)
	expiredTime=0.000
)
elevator.motor.pidCtrlTask_INFO [10.384445043] onTarget=true(12.847026/12.4), stalled=false, expired=false, event=(ElevatorArm.releaseOwnership=SIGNALED)
ElevatorArm.releaseOwnership_INFO [10.432693423] Released ownership on behalf of FtcTeleOp
FtcTeleOp.operatorButtonEvent_INFO [10.532491267] >>>>> AutoPickupOn=true
intake.analogTriggerCallback_INFO [11.710108677] Zone=1->0, value=0.748
FtcTeleOp.operatorButtonEvent_INFO [11.951636701] >>>>> AutoPickupOn=false
FtcTeleOp.driverButtonEvent_INFO [12.161367514] >>>>> DrivePower normal.
FtcTeleOp.operatorButtonEvent_INFO [12.332669489] >>>>> Toggle lower gate: open=false
pixelTray.setLowerGateOpened_INFO [12.350730366] lowerGateOpened=false, event=null
FtcTeleOp.operatorButtonEvent_INFO [13.858765017] >>>>> AutoPickupOn=true
intake.analogTriggerCallback_INFO [14.21497522] Zone=1->0, value=1.299
FtcTeleOp.operatorButtonEvent_INFO [14.772102943] >>>>> AutoPickupOn=false
FtcTeleOp.operatorButtonEvent_INFO [15.178452692] >>>>> AutoPickupOn=true
intake.analogTriggerCallback_INFO [15.271452076] Zone=1->0, value=1.260
intake.analogTriggerCallback_INFO [15.571208439] Zone=0->1, value=1.417
FtcTeleOp.operatorButtonEvent_INFO [16.302100971] >>>>> AutoPickupOn=false
FtcTeleOp.operatorButtonEvent_INFO [16.809752689] >>>>> AutoPickupOn=true
intake.analogTriggerCallback_INFO [16.90067599] Zone=1->0, value=1.220
FtcTeleOp.operatorButtonEvent_INFO [17.61591127] >>>>> AutoPickupOn=false
FtcTeleOp.operatorButtonEvent_INFO [18.375977763] >>>>> AutoPickupOn=true
FtcTeleOp.driverButtonEvent_INFO [18.486539857] >>>>> Enabling FIELD mode.
FtcTeleOp.setDriveOrientation_INFO [18.487624566] driveOrientation=FIELD
intake.analogTriggerCallback_INFO [18.557008573] Zone=0->1, value=1.339
intake.analogTriggerCallback_INFO [18.789181096] Zone=1->0, value=1.024
FtcTeleOp.operatorButtonEvent_INFO [19.168734843] >>>>> AutoPickupOn=false
FtcTeleOp.driverButtonEvent_INFO [19.654790683] >>>>> DrivePower slow.
FtcTeleOp.operatorButtonEvent_INFO [19.658971142] >>>>> Toggle upper gate: open=true
pixelTray.setUpperGateOpened_INFO [19.660969059] upperGateOpened=true, event=null
FtcTeleOp.operatorButtonEvent_INFO [20.05487514] >>>>> Toggle upper gate: open=false
pixelTray.setUpperGateOpened_INFO [20.062345307] upperGateOpened=false, event=null
FtcTeleOp.operatorButtonEvent_INFO [20.544345814] >>>>> Set Scoring Position.
ElevatorArm.setScoringPosition_INFO [20.549387565] owner=FtcTeleOp, delay=0.000, elevatorPos=15.0, event=null, timeout=0.000 (elevatorPos=12.81, armPos=25.15)
ElevatorArm.cancel_INFO [20.551445857] owner=FtcTeleOp
ElevatorArm.acquireOwnership_INFO [20.55319994] Acquired ownership on behalf of FtcTeleOp
ElevatorArm.elevatorSetPosition_INFO [20.561726816] owner=FtcTeleOp, delay=0.000, pos=15.0, powerLimit=1.0, event=(setScoringPosition.actionEvent=CLEARED), timeout=1.000 (elevatorPos=12.81, armPos=25.15)
ElevatorArm.performAction_INFO [20.564512233] actionParams=
(	actionType=ElevatorSetPosition
	actionEvent=null
	delay=0.000
	pos=15.0
	powerLimit=1.0
	power=0.0
	duration=0.0
	posRange=0.0/0.0
	event=(setScoringPosition.actionEvent=CLEARED)
	expiredTime=1705276921.659
)
FtcTeleOp.driverButtonEvent_INFO [20.752701418] >>>>> DrivePower normal.
FtcTeleOp.driverButtonEvent_INFO [20.887327765] >>>>> DrivePower slow.
elevator.motor.pidCtrlTask_INFO [21.013565778] onTarget=true(14.710487/15.0), stalled=false, expired=false, event=(setScoringPosition.actionEvent=SIGNALED)
ElevatorArm.performAction_INFO [21.029624363] actionParams=
(	actionType=ArmSetPosition
	actionEvent=(setScoringPosition.actionEvent=SIGNALED)
	delay=0.000
	pos=270.0
	powerLimit=0.1
	power=0.0
	duration=0.0
	posRange=0.0/0.0
	event=(ElevatorArm.releaseOwnership=CLEARED)
	expiredTime=0.000
)
arm.servo.posPidCtrl.isStalled_INFO [22.211075732] PID stalled.
arm.servo.pidCtrlTask_INFO [22.217035649] onTarget=false(42.709102/270.0), stalled=true, expired=false, event=(ElevatorArm.releaseOwnership=SIGNALED)
ElevatorArm.releaseOwnership_INFO [22.273060446] Released ownership on behalf of FtcTeleOp
FtcTeleOp.operatorButtonEvent_INFO [23.151160659] >>>>> ElevatorPresetPosUp pressed.
ElevatorArm.elevatorSetPosition_INFO [23.15421091] owner=FtcTeleOp, delay=0.000, pos=15.0, powerLimit=1.0, event=null, timeout=1.000 (elevatorPos=14.76, armPos=43.58)
ElevatorArm.cancel_INFO [23.154896035] owner=FtcTeleOp
ElevatorArm.acquireOwnership_INFO [23.155624035] Acquired ownership on behalf of FtcTeleOp
ElevatorArm.performAction_INFO [23.157414285] actionParams=
(	actionType=ElevatorSetPosition
	actionEvent=null
	delay=0.000
	pos=15.0
	powerLimit=1.0
	power=0.0
	duration=0.0
	posRange=0.0/0.0
	event=(ElevatorArm.releaseOwnership=CLEARED)
	expiredTime=1705276924.254
)
elevator.motor.pidCtrlTask_INFO [23.370823306] onTarget=true(14.759741/15.0), stalled=false, expired=false, event=(ElevatorArm.releaseOwnership=SIGNALED)
ElevatorArm.releaseOwnership_INFO [23.423299103] Released ownership on behalf of FtcTeleOp
ElevatorArm.elevatorSetPidPower_INFO [25.192395281] owner=null, power=-0.045, pos=17.879, minPos=12.1, maxPos=22.0, safe=true
ElevatorArm.elevatorSetPidPower_INFO [25.2972095] owner=null, power=-0.000, pos=17.764, minPos=12.1, maxPos=22.0, safe=true
ElevatorArm.elevatorSetPidPower_INFO [25.841076305] owner=null, power=-1.000, pos=17.551, minPos=12.1, maxPos=22.0, safe=true
ElevatorArm.elevatorSetPidPower_INFO [25.891883476] owner=null, power=-0.967, pos=17.428, minPos=12.1, maxPos=22.0, safe=true
ElevatorArm.elevatorSetPidPower_INFO [25.94680519] owner=null, power=-0.951, pos=16.475, minPos=12.1, maxPos=22.0, safe=true
ElevatorArm.elevatorSetPidPower_INFO [26.112902082] owner=null, power=-0.000, pos=12.954, minPos=12.1, maxPos=22.0, safe=true
FtcTeleOp.operatorButtonEvent_INFO [27.30855791] >>>>> Toggle upper gate: open=true
pixelTray.setUpperGateOpened_INFO [27.31814762] upperGateOpened=true, event=null
FtcTeleOp.operatorButtonEvent_INFO [28.089581239] >>>>> Toggle lower gate: open=true
pixelTray.setLowerGateOpened_INFO [28.099555073] lowerGateOpened=true, event=null
FtcTeleOp.operatorButtonEvent_INFO [28.589606456] >>>>> Set Loading Position.
ElevatorArm.setLoadingPosition_INFO [28.590964164] owner=FtcTeleOp, delay=0.000, event=null, timeout=0.000 (elevatorPos=12.58, armPos=264.27)
ElevatorArm.cancel_INFO [28.592130248] owner=FtcTeleOp
ElevatorArm.acquireOwnership_INFO [28.593030915] Acquired ownership on behalf of FtcTeleOp
ElevatorArm.armSetPosition_INFO [28.618762042] owner=FtcTeleOp, delay=0.000, pos=27.3, powerLimit=0.1, event=(setLoadingPosition.actionEvent=CLEARED), timeout=3.000 (elevatorPos=12.58, armPos=264.27)
elevator.motor.pidCtrlTask_INFO [29.082904672] onTarget=true(14.726905/15.0), stalled=false, expired=false, event=(armSetPosition.actionEvent=SIGNALED)
ElevatorArm.performAction_INFO [29.139849678] actionParams=
(	actionType=ArmSetPosition
	actionEvent=(armSetPosition.actionEvent=SIGNALED)
	delay=0.000
	pos=27.3
	powerLimit=0.1
	power=0.0
	duration=0.0
	posRange=0.0/0.0
	event=(setLoadingPosition.actionEvent=CLEARED)
	expiredTime=1705276931.719
)
FtcTeleOp.driverButtonEvent_INFO [29.493248797] >>>>> DrivePower normal.
arm.servo.posPidCtrl.isStalled_INFO [30.988562697] PID stalled.
arm.servo.pidCtrlTask_INFO [30.996864698] onTarget=false(52.090920/27.3), stalled=true, expired=false, event=(setLoadingPosition.actionEvent=SIGNALED)
ElevatorArm.performAction_INFO [31.073518789] actionParams=
(	actionType=ElevatorSetPosition
	actionEvent=(setLoadingPosition.actionEvent=SIGNALED)
	delay=0.000
	pos=12.4
	powerLimit=1.0
	power=0.0
	duration=0.0
	posRange=0.0/0.0
	event=(ElevatorArm.releaseOwnership=CLEARED)
	expiredTime=0.000
)
elevator.motor.pidCtrlTask_INFO [31.563361338] onTarget=true(12.723890/12.4), stalled=false, expired=false, event=(ElevatorArm.releaseOwnership=SIGNALED)
ElevatorArm.releaseOwnership_INFO [31.585699799] Released ownership on behalf of FtcTeleOp
FtcTeleOp.operatorButtonEvent_INFO [34.432096085] >>>>> ZeroCalibrate pressed.
ElevatorArm.zeroCalibrate_INFO [34.433190418] owner=FtcTeleOp
ElevatorArm.cancel_INFO [34.433828001] owner=FtcTeleOp
ElevatorArm.acquireOwnership_INFO [34.434717001] Acquired ownership on behalf of FtcTeleOp
elevator.motor.isMotorStalled_INFO [34.774215577] Stall protection triggered.
elevator.motor.zeroCalibratingMotor_WARN [34.806678372] Stalled, lower limit switch might have failed!
elevator.motor.pidCtrlTask_INFO [34.809709956] Zero calibration done.
elevator.motor.pidCtrlTask_INFO [34.810451956] onTarget=false(0.000000/null), stalled=false, expired=false, event=(ElevatorArm.releaseOwnership=SIGNALED)
ElevatorArm.releaseOwnership_INFO [34.852994169] Released ownership on behalf of FtcTeleOp
ElevatorArm.releaseOwnership_INFO [34.853488835] Signal completion event (ElevatorArm.zeroCalComplete=SIGNALED)
ElevatorArm.zeroCalCompleted_INFO [34.909359924] Zero Calibrate completed (lowerLimitSw=false).
FtcTeleOp.operatorButtonEvent_INFO [35.92942161] >>>>> AutoPickupOn=true
FtcTeleOp.operatorButtonEvent_INFO [38.699276972] >>>>> AutoPickupOn=false
FtcTeleOp.operatorButtonEvent_INFO [40.623631707] >>>>> AutoPickupOn=true
intake.analogTriggerCallback_INFO [41.373337615] Zone=1->0, value=0.276
intake.analogTriggerCallback_INFO [41.519549838] Zone=0->1, value=3.976
FtcTeleOp.operatorButtonEvent_INFO [43.534514332] >>>>> AutoPickupOn=false
FtcTeleOp.operatorButtonEvent_INFO [45.499786113] >>>>> Toggle lower gate: open=false
pixelTray.setLowerGateOpened_INFO [45.507538906] lowerGateOpened=false, event=null
FtcTeleOp.operatorButtonEvent_INFO [46.210217935] >>>>> Toggle upper gate: open=false
pixelTray.setUpperGateOpened_INFO [46.225605395] upperGateOpened=false, event=null
FtcTeleOp.operatorButtonEvent_INFO [46.803729328] >>>>> Set Scoring Position.
ElevatorArm.setScoringPosition_INFO [46.805701286] owner=FtcTeleOp, delay=0.000, elevatorPos=15.0, event=null, timeout=0.000 (elevatorPos=12.44, armPos=26.67)
ElevatorArm.cancel_INFO [46.807774745] owner=FtcTeleOp
ElevatorArm.acquireOwnership_INFO [46.80916337] Acquired ownership on behalf of FtcTeleOp
ElevatorArm.elevatorSetPosition_INFO [46.81282437] owner=FtcTeleOp, delay=0.000, pos=15.0, powerLimit=1.0, event=(setScoringPosition.actionEvent=CLEARED), timeout=1.000 (elevatorPos=12.44, armPos=26.45)
ElevatorArm.performAction_INFO [46.813983162] actionParams=
(	actionType=ElevatorSetPosition
	actionEvent=null
	delay=0.000
	pos=15.0
	powerLimit=1.0
	power=0.0
	duration=0.0
	posRange=0.0/0.0
	event=(setScoringPosition.actionEvent=CLEARED)
	expiredTime=1705276947.913
)
FtcTeleOp.driverButtonEvent_INFO [47.00749789] >>>>> DrivePower slow.
elevator.motor.pidCtrlTask_INFO [47.265986332] onTarget=true(14.743323/15.0), stalled=false, expired=false, event=(setScoringPosition.actionEvent=SIGNALED)
ElevatorArm.performAction_INFO [47.298410627] actionParams=
(	actionType=ArmSetPosition
	actionEvent=(setScoringPosition.actionEvent=SIGNALED)
	delay=0.000
	pos=270.0
	powerLimit=0.1
	power=0.0
	duration=0.0
	posRange=0.0/0.0
	event=(ElevatorArm.releaseOwnership=CLEARED)
	expiredTime=0.000
)
arm.servo.posPidCtrl.isStalled_INFO [49.508298891] PID stalled.
arm.servo.pidCtrlTask_INFO [49.509638808] onTarget=false(267.872738/270.0), stalled=true, expired=false, event=(ElevatorArm.releaseOwnership=SIGNALED)
ElevatorArm.releaseOwnership_INFO [49.531900852] Released ownership on behalf of FtcTeleOp
FtcTeleOp.operatorButtonEvent_INFO [49.900436889] >>>>> ElevatorPresetPosDown pressed.
ElevatorArm.elevatorSetPosition_INFO [49.901838056] owner=FtcTeleOp, delay=0.000, pos=12.4, powerLimit=1.0, event=null, timeout=1.000 (elevatorPos=14.83, armPos=267.55)
ElevatorArm.cancel_INFO [49.902942306] owner=FtcTeleOp
ElevatorArm.acquireOwnership_INFO [49.904976681] Acquired ownership on behalf of FtcTeleOp
ElevatorArm.performAction_INFO [49.90820689] actionParams=
(	actionType=ElevatorSetPosition
	actionEvent=null
	delay=0.000
	pos=12.4
	powerLimit=1.0
	power=0.0
	duration=0.0
	posRange=0.0/0.0
	event=(ElevatorArm.releaseOwnership=CLEARED)
	expiredTime=1705276951.004
)
elevator.motor.pidCtrlTask_INFO [50.306354388] onTarget=true(12.108209/12.4), stalled=false, expired=false, event=(ElevatorArm.releaseOwnership=SIGNALED)
ElevatorArm.releaseOwnership_INFO [50.311399347] Released ownership on behalf of FtcTeleOp
FtcTeleOp.operatorButtonEvent_INFO [50.656081131] >>>>> Toggle upper gate: open=true
pixelTray.setUpperGateOpened_INFO [50.6744958] upperGateOpened=true, event=null
FtcTeleOp.operatorButtonEvent_INFO [51.108096552] >>>>> Toggle lower gate: open=true
pixelTray.setLowerGateOpened_INFO [51.12357297] lowerGateOpened=true, event=null
FtcTeleOp.operatorButtonEvent_INFO [51.441289294] >>>>> Set Loading Position.
ElevatorArm.setLoadingPosition_INFO [51.44353396] owner=FtcTeleOp, delay=0.000, event=null, timeout=0.000 (elevatorPos=12.21, armPos=264.38)
ElevatorArm.cancel_INFO [51.445240211] owner=FtcTeleOp
ElevatorArm.acquireOwnership_INFO [51.446367211] Acquired ownership on behalf of FtcTeleOp
ElevatorArm.armSetPosition_INFO [51.47204613] owner=FtcTeleOp, delay=0.000, pos=27.3, powerLimit=0.1, event=(setLoadingPosition.actionEvent=CLEARED), timeout=3.000 (elevatorPos=12.21, armPos=264.38)
elevator.motor.pidCtrlTask_INFO [51.878178296] onTarget=true(14.718696/15.0), stalled=false, expired=false, event=(armSetPosition.actionEvent=SIGNALED)
ElevatorArm.performAction_INFO [51.884490838] actionParams=
(	actionType=ArmSetPosition
	actionEvent=(armSetPosition.actionEvent=SIGNALED)
	delay=0.000
	pos=27.3
	powerLimit=0.1
	power=0.0
	duration=0.0
	posRange=0.0/0.0
	event=(setLoadingPosition.actionEvent=CLEARED)
	expiredTime=1705276954.574
)
arm.servo.pidCtrlTask_INFO [54.117761146] onTarget=true(27.000011/27.3), stalled=false, expired=false, event=(setLoadingPosition.actionEvent=SIGNALED)
ElevatorArm.performAction_INFO [54.141140565] actionParams=
(	actionType=ElevatorSetPosition
	actionEvent=(setLoadingPosition.actionEvent=SIGNALED)
	delay=0.000
	pos=12.4
	powerLimit=1.0
	power=0.0
	duration=0.0
	posRange=0.0/0.0
	event=(ElevatorArm.releaseOwnership=CLEARED)
	expiredTime=0.000
)
elevator.motor.pidCtrlTask_INFO [54.522306353] onTarget=true(12.354481/12.4), stalled=false, expired=false, event=(ElevatorArm.releaseOwnership=SIGNALED)
ElevatorArm.releaseOwnership_INFO [54.571626025] Released ownership on behalf of FtcTeleOp
FtcTeleOp.operatorButtonEvent_INFO [54.666493534] >>>>> AutoPickupOn=true
intake.analogTriggerCallback_INFO [56.594004686] Zone=1->0, value=1.102
FtcTeleOp.operatorButtonEvent_INFO [57.16632241] >>>>> AutoPickupOn=false
FtcTeleOp.operatorButtonEvent_INFO [58.368850198] >>>>> Set Scoring Position.
ElevatorArm.setScoringPosition_INFO [58.369705656] owner=FtcTeleOp, delay=0.000, elevatorPos=15.0, event=null, timeout=0.000 (elevatorPos=12.40, armPos=27.11)
ElevatorArm.cancel_INFO [58.370194198] owner=FtcTeleOp
ElevatorArm.acquireOwnership_INFO [58.37256224] Acquired ownership on behalf of FtcTeleOp
ElevatorArm.elevatorSetPosition_INFO [58.374185657] owner=FtcTeleOp, delay=0.000, pos=15.0, powerLimit=1.0, event=(setScoringPosition.actionEvent=CLEARED), timeout=1.000 (elevatorPos=12.40, armPos=27.11)
ElevatorArm.performAction_INFO [58.375447115] actionParams=
(	actionType=ElevatorSetPosition
	actionEvent=null
	delay=0.000
	pos=15.0
	powerLimit=1.0
	power=0.0
	duration=0.0
	posRange=0.0/0.0
	event=(setScoringPosition.actionEvent=CLEARED)
	expiredTime=1705276959.476
)
elevator.motor.pidCtrlTask_INFO [58.82507641] onTarget=true(14.784368/15.0), stalled=false, expired=false, event=(setScoringPosition.actionEvent=SIGNALED)
ElevatorArm.performAction_INFO [58.843123871] actionParams=
(	actionType=ArmSetPosition
	actionEvent=(setScoringPosition.actionEvent=SIGNALED)
	delay=0.000
	pos=270.0
	powerLimit=0.1
	power=0.0
	duration=0.0
	posRange=0.0/0.0
	event=(ElevatorArm.releaseOwnership=CLEARED)
	expiredTime=0.000
)
FtcTeleOp.operatorButtonEvent_INFO [58.960643382] >>>>> AutoPickupOn=true
FtcTeleOp.operatorButtonEvent_INFO [59.347763546] >>>>> Toggle lower gate: open=false
pixelTray.setLowerGateOpened_INFO [59.356913714] lowerGateOpened=false, event=null
FtcTeleOp.operatorButtonEvent_INFO [60.072291911] >>>>> Toggle lower gate: open=true
pixelTray.setLowerGateOpened_INFO [60.088578871] lowerGateOpened=true, event=null
FtcTeleOp.driverButtonEvent_INFO [60.339145354] >>>>> DrivePower normal.
arm.servo.posPidCtrl.isStalled_INFO [61.549662768] PID stalled.
arm.servo.pidCtrlTask_INFO [61.555967435] onTarget=false(267.327284/270.0), stalled=true, expired=false, event=(ElevatorArm.releaseOwnership=SIGNALED)
ElevatorArm.releaseOwnership_INFO [61.599761481] Released ownership on behalf of FtcTeleOp
FtcTeleOp.operatorButtonEvent_INFO [61.684283281] >>>>> AutoPickupOn=false
FtcTeleOp.operatorButtonEvent_INFO [62.225672377] >>>>> Toggle upper gate: open=false
pixelTray.setUpperGateOpened_INFO [62.241217045] upperGateOpened=false, event=null
FtcTeleOp.operatorButtonEvent_INFO [63.010343873] >>>>> AutoPickupOn=true
FtcTeleOp.operatorButtonEvent_INFO [63.907566921] >>>>> AutoPickupOn=false
FtcTeleOp.operatorButtonEvent_INFO [64.418785139] >>>>> Set Loading Position.
ElevatorArm.setLoadingPosition_INFO [64.420022389] owner=FtcTeleOp, delay=0.000, event=null, timeout=0.000 (elevatorPos=14.80, armPos=266.24)
ElevatorArm.cancel_INFO [64.421084056] owner=FtcTeleOp
ElevatorArm.acquireOwnership_INFO [64.421653098] Acquired ownership on behalf of FtcTeleOp
ElevatorArm.armSetPosition_INFO [64.439067641] owner=FtcTeleOp, delay=0.000, pos=27.3, powerLimit=0.1, event=(setLoadingPosition.actionEvent=CLEARED), timeout=3.000 (elevatorPos=14.80, armPos=266.24)
ElevatorArm.performAction_INFO [64.440090808] actionParams=
(	actionType=ArmSetPosition
	actionEvent=null
	delay=0.000
	pos=27.3
	powerLimit=0.1
	power=0.0
	duration=0.0
	posRange=0.0/0.0
	event=(setLoadingPosition.actionEvent=CLEARED)
	expiredTime=1705276967.541
)
arm.servo.posPidCtrl.isStalled_INFO [66.659587739] PID stalled.
arm.servo.pidCtrlTask_INFO [66.669620199] onTarget=false(28.309102/27.3), stalled=true, expired=false, event=(setLoadingPosition.actionEvent=SIGNALED)
ElevatorArm.performAction_INFO [66.715441037] actionParams=
(	actionType=ElevatorSetPosition
	actionEvent=(setLoadingPosition.actionEvent=SIGNALED)
	delay=0.000
	pos=12.4
	powerLimit=1.0
	power=0.0
	duration=0.0
	posRange=0.0/0.0
	event=(ElevatorArm.releaseOwnership=CLEARED)
	expiredTime=0.000
)
FtcTeleOp.operatorButtonEvent_INFO [67.02752761] >>>>> ElevatorPresetPosUp pressed.
ElevatorArm.elevatorSetPosition_INFO [67.028579943] owner=FtcTeleOp, delay=0.000, pos=15.0, powerLimit=1.0, event=null, timeout=1.000 (elevatorPos=12.85, armPos=30.49)
ElevatorArm.cancel_INFO [67.032106193] owner=FtcTeleOp
ElevatorArm.acquireOwnership_INFO [67.034739944] Acquired ownership on behalf of FtcTeleOp
ElevatorArm.performAction_INFO [67.037928444] actionParams=
(	actionType=ElevatorSetPosition
	actionEvent=null
	delay=0.000
	pos=15.0
	powerLimit=1.0
	power=0.0
	duration=0.0
	posRange=0.0/0.0
	event=(ElevatorArm.releaseOwnership=CLEARED)
	expiredTime=1705276968.131
)
elevator.motor.pidCtrlTask_INFO [67.44086511] onTarget=true(14.743323/15.0), stalled=false, expired=false, event=(ElevatorArm.releaseOwnership=SIGNALED)
ElevatorArm.releaseOwnership_INFO [67.449805569] Released ownership on behalf of FtcTeleOp
FtcTeleOp.operatorButtonEvent_INFO [67.948096827] >>>>> Intake REVERSE=true
FtcTeleOp.operatorButtonEvent_INFO [70.525496211] >>>>> ElevatorPresetPosDown pressed.
ElevatorArm.elevatorSetPosition_INFO [70.527614003] owner=FtcTeleOp, delay=0.000, pos=12.4, powerLimit=1.0, event=null, timeout=1.000 (elevatorPos=14.80, armPos=28.20)
ElevatorArm.cancel_INFO [70.52866342] owner=FtcTeleOp
ElevatorArm.acquireOwnership_INFO [70.529207378] Acquired ownership on behalf of FtcTeleOp
ElevatorArm.performAction_INFO [70.53065667] actionParams=
(	actionType=ElevatorSetPosition
	actionEvent=null
	delay=0.000
	pos=12.4
	powerLimit=1.0
	power=0.0
	duration=0.0
	posRange=0.0/0.0
	event=(ElevatorArm.releaseOwnership=CLEARED)
	expiredTime=1705276971.630
)
elevator.motor.pidCtrlTask_INFO [70.918855417] onTarget=true(12.354481/12.4), stalled=false, expired=false, event=(ElevatorArm.releaseOwnership=SIGNALED)
ElevatorArm.releaseOwnership_INFO [70.941718295] Released ownership on behalf of FtcTeleOp
FtcTeleOp.operatorButtonEvent_INFO [71.234278074] >>>>> AutoPickupOn=true
FtcTeleOp.operatorButtonEvent_INFO [72.412366817] >>>>> AutoPickupOn=false
FtcTeleOp.operatorButtonEvent_INFO [73.428552544] >>>>> AutoPickupOn=true
FtcTeleOp.operatorButtonEvent_INFO [77.195500548] >>>>> AutoPickupOn=false
FtcTeleOp.operatorButtonEvent_INFO [77.974084668] >>>>> AutoPickupOn=true
FtcTeleOp.operatorButtonEvent_INFO [78.985163311] >>>>> Toggle upper gate: open=true
pixelTray.setUpperGateOpened_INFO [78.99451502] upperGateOpened=true, event=null
intake.analogTriggerCallback_INFO [79.454200108] Zone=1->0, value=1.102
FtcTeleOp.operatorButtonEvent_INFO [79.622775584] >>>>> AutoPickupOn=false
FtcTeleOp.driverButtonEvent_INFO [80.419006997] >>>>> DrivePower slow.
FtcTeleOp.operatorButtonEvent_INFO [80.424323789] >>>>> Toggle upper gate: open=false
pixelTray.setUpperGateOpened_INFO [80.440995457] upperGateOpened=false, event=null
FtcTeleOp.operatorButtonEvent_INFO [80.749913072] >>>>> Toggle lower gate: open=false
pixelTray.setLowerGateOpened_INFO [80.764744032] lowerGateOpened=false, event=null
FtcTeleOp.operatorButtonEvent_INFO [81.159664238] >>>>> Set Scoring Position.
ElevatorArm.setScoringPosition_INFO [81.160523488] owner=FtcTeleOp, delay=0.000, elevatorPos=15.0, event=null, timeout=0.000 (elevatorPos=12.46, armPos=25.69)
ElevatorArm.cancel_INFO [81.162075155] owner=FtcTeleOp
ElevatorArm.acquireOwnership_INFO [81.163222572] Acquired ownership on behalf of FtcTeleOp
ElevatorArm.elevatorSetPosition_INFO [81.164800488] owner=FtcTeleOp, delay=0.000, pos=15.0, powerLimit=1.0, event=(setScoringPosition.actionEvent=CLEARED), timeout=1.000 (elevatorPos=12.46, armPos=25.58)
ElevatorArm.performAction_INFO [81.166694572] actionParams=
(	actionType=ElevatorSetPosition
	actionEvent=null
	delay=0.000
	pos=15.0
	powerLimit=1.0
	power=0.0
	duration=0.0
	posRange=0.0/0.0
	event=(setScoringPosition.actionEvent=CLEARED)
	expiredTime=1705276982.267
)
elevator.motor.pidCtrlTask_INFO [81.587954323] onTarget=true(14.735114/15.0), stalled=false, expired=false, event=(setScoringPosition.actionEvent=SIGNALED)
ElevatorArm.performAction_INFO [81.638043411] actionParams=
(	actionType=ArmSetPosition
	actionEvent=(setScoringPosition.actionEvent=SIGNALED)
	delay=0.000
	pos=270.0
	powerLimit=0.1
	power=0.0
	duration=0.0
	posRange=0.0/0.0
	event=(ElevatorArm.releaseOwnership=CLEARED)
	expiredTime=0.000
)
arm.servo.posPidCtrl.isStalled_INFO [83.942355268] PID stalled.
arm.servo.pidCtrlTask_INFO [83.948517893] onTarget=false(268.090920/270.0), stalled=true, expired=false, event=(ElevatorArm.releaseOwnership=SIGNALED)
ElevatorArm.releaseOwnership_INFO [84.003486565] Released ownership on behalf of FtcTeleOp
FtcTeleOp.operatorButtonEvent_INFO [84.979526705] >>>>> Toggle upper gate: open=true
pixelTray.setUpperGateOpened_INFO [84.995453165] upperGateOpened=true, event=null
FtcTeleOp.operatorButtonEvent_INFO [85.428890292] >>>>> Toggle lower gate: open=true
pixelTray.setLowerGateOpened_INFO [85.439427918] lowerGateOpened=true, event=null
FtcTeleOp.operatorButtonEvent_INFO [85.775079702] >>>>> Set Loading Position.
ElevatorArm.setLoadingPosition_INFO [85.775873327] owner=FtcTeleOp, delay=0.000, event=null, timeout=0.000 (elevatorPos=14.79, armPos=267.76)
ElevatorArm.cancel_INFO [85.777375702] owner=FtcTeleOp
ElevatorArm.acquireOwnership_INFO [85.777961369] Acquired ownership on behalf of FtcTeleOp
ElevatorArm.armSetPosition_INFO [85.811973789] owner=FtcTeleOp, delay=0.000, pos=27.3, powerLimit=0.1, event=(setLoadingPosition.actionEvent=CLEARED), timeout=3.000 (elevatorPos=14.79, armPos=267.44)
ElevatorArm.performAction_INFO [85.814272706] actionParams=
(	actionType=ArmSetPosition
	actionEvent=null
	delay=0.000
	pos=27.3
	powerLimit=0.1
	power=0.0
	duration=0.0
	posRange=0.0/0.0
	event=(setLoadingPosition.actionEvent=CLEARED)
	expiredTime=1705276988.914
)
FtcTeleOp.driverButtonEvent_INFO [86.35292626] >>>>> DrivePower normal.
arm.servo.pidCtrlTask_INFO [88.234674324] onTarget=true(27.109102/27.3), stalled=false, expired=false, event=(setLoadingPosition.actionEvent=SIGNALED)
ElevatorArm.performAction_INFO [88.265862827] actionParams=
(	actionType=ElevatorSetPosition
	actionEvent=(setLoadingPosition.actionEvent=SIGNALED)
	delay=0.000
	pos=12.4
	powerLimit=1.0
	power=0.0
	duration=0.0
	posRange=0.0/0.0
	event=(ElevatorArm.releaseOwnership=CLEARED)
	expiredTime=0.000
)
elevator.motor.pidCtrlTask_INFO [88.661816117] onTarget=true(12.362690/12.4), stalled=false, expired=false, event=(ElevatorArm.releaseOwnership=SIGNALED)
ElevatorArm.releaseOwnership_INFO [88.704675371] Released ownership on behalf of FtcTeleOp
FtcTeleOp.driverButtonEvent_INFO [88.835852468] >>>>> DrivePower slow.
FtcTeleOp.operatorButtonEvent_INFO [90.230405733] >>>>> AutoPickupOn=true
FtcTeleOp.driverButtonEvent_INFO [91.729097133] >>>>> DrivePower normal.
FtcTeleOp.operatorButtonEvent_INFO [92.400340326] >>>>> AutoPickupOn=false
FtcTeleOp.operatorButtonEvent_INFO [93.233777909] >>>>> AutoPickupOn=true
FtcTeleOp.operatorButtonEvent_INFO [98.38029101] >>>>> AutoPickupOn=false
FtcTeleOp.driverButtonEvent_INFO [99.862518992] >>>>> DroneLaunch is pressed.
FtcTeleOp.operatorButtonEvent_INFO [105.525917978] >>>>> AutoPickupOn=true
intake.analogTriggerCallback_INFO [106.759369435] Zone=1->0, value=0.906
FtcTeleOp.operatorButtonEvent_INFO [107.184212894] >>>>> AutoPickupOn=false
FtcTeleOp.operatorButtonEvent_INFO [107.638088273] >>>>> AutoPickupOn=true
FtcTeleOp.driverButtonEvent_INFO [110.04539289] >>>>> DrivePower slow.
FtcTeleOp.driverButtonEvent_INFO [110.739262127] >>>>> DrivePower normal.
FtcTeleOp.operatorButtonEvent_INFO [112.552541726] >>>>> AutoPickupOn=false
FtcTeleOp.driverButtonEvent_INFO [112.883537925] >>>>> Deploying hanging hooks.
ElevatorArm.setHangingPosition_INFO [112.886332967] owner=FtcTeleOp, delay=0.000, event=null, timeout=0.000
ElevatorArm.cancel_INFO [112.888131676] owner=FtcTeleOp
ElevatorArm.acquireOwnership_INFO [112.889405676] Acquired ownership on behalf of FtcTeleOp
ElevatorArm.elevatorSetPosition_INFO [112.894089843] owner=FtcTeleOp, delay=0.000, pos=21.5, powerLimit=1.0, event=(setHangingPosition.actionEvent=CLEARED), timeout=1.000 (elevatorPos=12.40, armPos=27.11)
ElevatorArm.performAction_INFO [112.896043718] actionParams=
(	actionType=ElevatorSetPosition
	actionEvent=null
	delay=0.000
	pos=21.5
	powerLimit=1.0
	power=0.0
	duration=0.0
	posRange=0.0/0.0
	event=(setHangingPosition.actionEvent=CLEARED)
	expiredTime=1705277013.994
)
elevator.motor.pidCtrlTask_INFO [113.696435174] onTarget=true(21.171031/21.5), stalled=false, expired=false, event=(setHangingPosition.actionEvent=SIGNALED)
ElevatorArm.performAction_INFO [113.70587905] actionParams=
(	actionType=ArmSetPosition
	actionEvent=(setHangingPosition.actionEvent=SIGNALED)
	delay=0.000
	pos=165.0
	powerLimit=0.1
	power=0.0
	duration=0.0
	posRange=0.0/0.0
	event=(ElevatorArm.releaseOwnership=CLEARED)
	expiredTime=0.000
)
arm.servo.posPidCtrl.isStalled_INFO [115.193739699] PID stalled.
arm.servo.pidCtrlTask_INFO [115.199666658] onTarget=false(143.400011/165.0), stalled=true, expired=false, event=(ElevatorArm.releaseOwnership=SIGNALED)
ElevatorArm.releaseOwnership_INFO [115.20122795] Released ownership on behalf of FtcTeleOp
FtcTeleOp.driverButtonEvent_INFO [115.497125271] >>>>> Hanging ...
ElevatorArm.elevatorSetPosition_INFO [115.498657688] owner=FtcTeleOp, delay=0.000, pos=12.1, powerLimit=1.0, event=null, timeout=0.000 (elevatorPos=21.16, armPos=148.75)
ElevatorArm.cancel_INFO [115.499412522] owner=FtcTeleOp
ElevatorArm.acquireOwnership_INFO [115.500172897] Acquired ownership on behalf of FtcTeleOp
ElevatorArm.performAction_INFO [115.501747897] actionParams=
(	actionType=ElevatorSetPosition
	actionEvent=null
	delay=0.000
	pos=12.1
	powerLimit=1.0
	power=0.0
	duration=0.0
	posRange=0.0/0.0
	event=(ElevatorArm.releaseOwnership=CLEARED)
	expiredTime=0.000
)
elevator.motor.posPidCtrl.isStalled_INFO [116.587002339] PID stalled.
elevator.motor.pidCtrlTask_INFO [116.587778756] onTarget=false(13.142553/12.1), stalled=true, expired=false, event=(ElevatorArm.releaseOwnership=SIGNALED)
ElevatorArm.releaseOwnership_INFO [116.591967673] Released ownership on behalf of FtcTeleOp
Robot.stopMode_INFO [138.200709969] Update Status average elapsed times:
DriveBase=NaNs
 Elevator=NaNs
      Arm=NaNs
    Wrist=NaNs
   Intake=NaNs
PixelTray=NaNs

imu.getGyroData.printElapsedTime_INFO [138.202729761] imu.getGyroData: avgElapsed=0.000006, minElapsed=0.000002, maxElapsed=0.000458
TrcDigitalInput.getInput.printElapsedTime_INFO [138.204052761] TrcDigitalInput.getInput: avgElapsed=0.004286, minElapsed=0.000081, maxElapsed=0.013271
TrcMotor.getPos.printElapsedTime_INFO [138.205412803] TrcMotor.getPos: avgElapsed=0.000375, minElapsed=0.000004, maxElapsed=0.032188
TrcMotor.setPower.printElapsedTime_INFO [138.20708697] TrcMotor.setPower: avgElapsed=0.001176, minElapsed=0.000003, maxElapsed=0.024635
TrcMotor.setVel.printElapsedTime_INFO [138.208608887] TrcMotor.setVel: avgElapsed=0.000000, minElapsed=0.000000, maxElapsed=0.000000
TrcMotor.setPos.printElapsedTime_INFO [138.209851387] TrcMotor.setPos: avgElapsed=0.000000, minElapsed=0.000000, maxElapsed=0.000000
TrcMotor.setCurrent.printElapsedTime_INFO [138.211082512] TrcMotor.setCurrent: avgElapsed=0.000000, minElapsed=0.000000, maxElapsed=0.000000
TrcServo.setPos.printElapsedTime_INFO [138.212379554] TrcServo.setPos: avgElapsed=0.010716, minElapsed=0.005052, maxElapsed=0.019164
Robot.stopMode_INFO [138.213437721] Disabling AprilTagVision.
Robot.stopMode_INFO [138.214608762] Disabling PurplePixelVision.
Robot.stopMode_INFO [138.216235096] Disabling GreenPixelVision.
Robot.stopMode_INFO [138.219892596] Disabling YellowPixelVision.
Robot.stopMode_INFO [138.22104818] Disabling WhitePixelVision.
Robot.stopMode_INFO [138.222259763] Disabling RedBlobVision.
Robot.stopMode_INFO [138.223142055] Disabling BlueBlobVision.
TrcTaskMgr.printTaskPerformanceMetrics_INFO [138.249197224] blinkin: OUTPUT_TASK=0.000046/0.029710
TrcTaskMgr.printTaskPerformanceMetrics_INFO [138.249846766] imu.converterTask: INPUT_TASK=0.000049/0.029718
TrcTaskMgr.printTaskPerformanceMetrics_INFO [138.250401808] imu.gyroTask: INPUT_TASK=0.020615/0.029724
TrcTaskMgr.printTaskPerformanceMetrics_INFO [138.252104849] lfDriveMotor.pidCtrlTask: OUTPUT_TASK=0.000119/0.029709
TrcTaskMgr.printTaskPerformanceMetrics_INFO [138.253563766] TrcMotor.odometryTask: STANDALONE_TASK=0.012446/0.013064
TrcTaskMgr.printTaskPerformanceMetrics_INFO [138.254842433] rfDriveMotor.pidCtrlTask: OUTPUT_TASK=0.000037/0.029709
TrcTaskMgr.printTaskPerformanceMetrics_INFO [138.256285016] lbDriveMotor.pidCtrlTask: OUTPUT_TASK=0.000150/0.029707
TrcTaskMgr.printTaskPerformanceMetrics_INFO [138.257793517] rbDriveMotor.pidCtrlTask: OUTPUT_TASK=0.000025/0.029707
TrcTaskMgr.printTaskPerformanceMetrics_INFO [138.259125558] TrcDriveBase.odometryTask: INPUT_TASK=0.001937/0.029724
TrcTaskMgr.printTaskPerformanceMetrics_INFO [138.2605661] elevator.motor.pidCtrlTask: OUTPUT_TASK=0.000846/0.029707
TrcTaskMgr.printTaskPerformanceMetrics_INFO [138.261960559] arm.encoder.converterTask: INPUT_TASK=0.000140/0.029710
TrcTaskMgr.printTaskPerformanceMetrics_INFO [138.263156101] arm.servo.pidCtrlTask: OUTPUT_TASK=0.005365/0.029708
TrcTaskMgr.printTaskPerformanceMetrics_INFO [138.264343184] arm.followerServo.pidCtrlTask: OUTPUT_TASK=0.000008/0.029708
TrcTaskMgr.printTaskPerformanceMetrics_INFO [138.272895143] intake.motor.pidCtrlTask: OUTPUT_TASK=0.000014/0.029708
TrcTaskMgr.printTaskPerformanceMetrics_INFO [138.273663977] intake.analogTrigger.triggerTask: PRE_PERIODIC_TASK=0.025895/0.258258
TrcTaskMgr.printTaskPerformanceMetrics_INFO [138.274588852] launcher.pidCtrlTask: OUTPUT_TASK=0.000005/0.029703
TrcTaskMgr.printTaskPerformanceMetrics_INFO [138.275506435] DriverGamepad.buttonEventTask: PRE_PERIODIC_TASK=0.000007/0.001320
TrcTaskMgr.printTaskPerformanceMetrics_INFO [138.276248143] OperatorGamepad.buttonEventTask: PRE_PERIODIC_TASK=0.000027/0.001320
FtcOpMode.printPerformanceMetrics_INFO [138.278275227] [FtcTeleOp] Main robot thread average elapsed times:
       robotInit=3.340737s
    initPeriodic=NaNs
       startMode=0.000048s
    loopInterval=0.001320s (757.377Hz)
             sdk=0.000024s
 prePeriodicTask=0.000207s
        periodic=0.000859s
postPeriodicTask=0.000058s
         loopSum=0.001297s
        stopMode=0.000000s
FtcTeleOp.stopMode_INFO [138.281515936] ***** Stopping TeleOp: 20240114@160358 *****
